{"C:\\Users\\Acer Nitro\\Documents\\Repositorios\\Proyecto_Arsw\\SportStreamLive-Front\\src\\App.js": {"path":"C:\\Users\\Acer Nitro\\Documents\\Repositorios\\Proyecto_Arsw\\SportStreamLive-Front\\src\\App.js","statementMap":{"0":{"start":{"line":11,"column":32},"end":{"line":11,"column":41}},"1":{"start":{"line":13,"column":2},"end":{"line":19,"column":26}},"2":{"start":{"line":14,"column":4},"end":{"line":18,"column":5}},"3":{"start":{"line":15,"column":6},"end":{"line":15,"column":15}},"4":{"start":{"line":17,"column":6},"end":{"line":17,"column":21}},"5":{"start":{"line":21,"column":2},"end":{"line":21,"column":45}},"6":{"start":{"line":21,"column":23},"end":{"line":21,"column":45}},"7":{"start":{"line":22,"column":2},"end":{"line":22,"column":47}},"8":{"start":{"line":22,"column":23},"end":{"line":22,"column":47}},"9":{"start":{"line":23,"column":2},"end":{"line":23,"column":22}},"10":{"start":{"line":27,"column":2},"end":{"line":31,"column":4}}},"fnMap":{"0":{"name":"AppInner","decl":{"start":{"line":10,"column":9},"end":{"line":10,"column":17}},"loc":{"start":{"line":10,"column":20},"end":{"line":24,"column":1}},"line":10},"1":{"name":"(anonymous_1)","decl":{"start":{"line":13,"column":12},"end":{"line":13,"column":13}},"loc":{"start":{"line":13,"column":18},"end":{"line":19,"column":3}},"line":13},"2":{"name":"App","decl":{"start":{"line":26,"column":24},"end":{"line":26,"column":27}},"loc":{"start":{"line":26,"column":30},"end":{"line":32,"column":1}},"line":26}},"branchMap":{"0":{"loc":{"start":{"line":14,"column":4},"end":{"line":18,"column":5}},"type":"if","locations":[{"start":{"line":14,"column":4},"end":{"line":18,"column":5}},{"start":{"line":16,"column":11},"end":{"line":18,"column":5}}],"line":14},"1":{"loc":{"start":{"line":14,"column":8},"end":{"line":14,"column":28}},"type":"binary-expr","locations":[{"start":{"line":14,"column":8},"end":{"line":14,"column":12}},{"start":{"line":14,"column":16},"end":{"line":14,"column":28}}],"line":14},"2":{"loc":{"start":{"line":21,"column":2},"end":{"line":21,"column":45}},"type":"if","locations":[{"start":{"line":21,"column":2},"end":{"line":21,"column":45}},{"start":{},"end":{}}],"line":21},"3":{"loc":{"start":{"line":22,"column":2},"end":{"line":22,"column":47}},"type":"if","locations":[{"start":{"line":22,"column":2},"end":{"line":22,"column":47}},{"start":{},"end":{}}],"line":22}},"s":{"0":0,"1":0,"2":0,"3":0,"4":0,"5":0,"6":0,"7":0,"8":0,"9":0,"10":0},"f":{"0":0,"1":0,"2":0},"b":{"0":[0,0],"1":[0,0],"2":[0,0],"3":[0,0]}}
,"C:\\Users\\Acer Nitro\\Documents\\Repositorios\\Proyecto_Arsw\\SportStreamLive-Front\\src\\config.js": {"path":"C:\\Users\\Acer Nitro\\Documents\\Repositorios\\Proyecto_Arsw\\SportStreamLive-Front\\src\\config.js","statementMap":{"0":{"start":{"line":10,"column":23},"end":{"line":10,"column":137}},"1":{"start":{"line":11,"column":22},"end":{"line":11,"column":138}},"2":{"start":{"line":13,"column":25},"end":{"line":18,"column":1}},"3":{"start":{"line":14,"column":20},"end":{"line":14,"column":43}},"4":{"start":{"line":15,"column":24},"end":{"line":15,"column":51}},"5":{"start":{"line":16,"column":24},"end":{"line":16,"column":51}},"6":{"start":{"line":17,"column":24},"end":{"line":17,"column":51}},"7":{"start":{"line":20,"column":22},"end":{"line":26,"column":1}},"8":{"start":{"line":21,"column":20},"end":{"line":21,"column":41}},"9":{"start":{"line":22,"column":30},"end":{"line":22,"column":61}},"10":{"start":{"line":23,"column":29},"end":{"line":23,"column":59}},"11":{"start":{"line":24,"column":29},"end":{"line":24,"column":59}},"12":{"start":{"line":25,"column":24},"end":{"line":25,"column":56}},"13":{"start":{"line":28,"column":25},"end":{"line":56,"column":1}},"14":{"start":{"line":32,"column":22},"end":{"line":32,"column":55}},"15":{"start":{"line":33,"column":28},"end":{"line":33,"column":67}},"16":{"start":{"line":34,"column":25},"end":{"line":34,"column":61}},"17":{"start":{"line":35,"column":26},"end":{"line":35,"column":69}},"18":{"start":{"line":38,"column":23},"end":{"line":38,"column":52}},"19":{"start":{"line":39,"column":27},"end":{"line":39,"column":66}},"20":{"start":{"line":42,"column":27},"end":{"line":42,"column":60}},"21":{"start":{"line":43,"column":28},"end":{"line":43,"column":68}},"22":{"start":{"line":44,"column":27},"end":{"line":44,"column":66}},"23":{"start":{"line":46,"column":19},"end":{"line":46,"column":49}},"24":{"start":{"line":47,"column":28},"end":{"line":47,"column":68}},"25":{"start":{"line":48,"column":30},"end":{"line":48,"column":72}},"26":{"start":{"line":50,"column":25},"end":{"line":50,"column":64}},"27":{"start":{"line":51,"column":24},"end":{"line":51,"column":62}},"28":{"start":{"line":52,"column":26},"end":{"line":52,"column":66}},"29":{"start":{"line":55,"column":28},"end":{"line":55,"column":67}},"30":{"start":{"line":58,"column":25},"end":{"line":58,"column":36}},"31":{"start":{"line":59,"column":24},"end":{"line":59,"column":34}}},"fnMap":{"0":{"name":"(anonymous_0)","decl":{"start":{"line":14,"column":8},"end":{"line":14,"column":9}},"loc":{"start":{"line":14,"column":20},"end":{"line":14,"column":43}},"line":14},"1":{"name":"(anonymous_1)","decl":{"start":{"line":15,"column":10},"end":{"line":15,"column":11}},"loc":{"start":{"line":15,"column":24},"end":{"line":15,"column":51}},"line":15},"2":{"name":"(anonymous_2)","decl":{"start":{"line":16,"column":10},"end":{"line":16,"column":11}},"loc":{"start":{"line":16,"column":24},"end":{"line":16,"column":51}},"line":16},"3":{"name":"(anonymous_3)","decl":{"start":{"line":17,"column":10},"end":{"line":17,"column":11}},"loc":{"start":{"line":17,"column":24},"end":{"line":17,"column":51}},"line":17},"4":{"name":"(anonymous_4)","decl":{"start":{"line":21,"column":8},"end":{"line":21,"column":9}},"loc":{"start":{"line":21,"column":20},"end":{"line":21,"column":41}},"line":21},"5":{"name":"(anonymous_5)","decl":{"start":{"line":22,"column":16},"end":{"line":22,"column":17}},"loc":{"start":{"line":22,"column":30},"end":{"line":22,"column":61}},"line":22},"6":{"name":"(anonymous_6)","decl":{"start":{"line":23,"column":15},"end":{"line":23,"column":16}},"loc":{"start":{"line":23,"column":29},"end":{"line":23,"column":59}},"line":23},"7":{"name":"(anonymous_7)","decl":{"start":{"line":24,"column":15},"end":{"line":24,"column":16}},"loc":{"start":{"line":24,"column":29},"end":{"line":24,"column":59}},"line":24},"8":{"name":"(anonymous_8)","decl":{"start":{"line":25,"column":10},"end":{"line":25,"column":11}},"loc":{"start":{"line":25,"column":24},"end":{"line":25,"column":56}},"line":25},"9":{"name":"(anonymous_9)","decl":{"start":{"line":32,"column":13},"end":{"line":32,"column":14}},"loc":{"start":{"line":32,"column":22},"end":{"line":32,"column":55}},"line":32},"10":{"name":"(anonymous_10)","decl":{"start":{"line":33,"column":19},"end":{"line":33,"column":20}},"loc":{"start":{"line":33,"column":28},"end":{"line":33,"column":67}},"line":33},"11":{"name":"(anonymous_11)","decl":{"start":{"line":34,"column":16},"end":{"line":34,"column":17}},"loc":{"start":{"line":34,"column":25},"end":{"line":34,"column":61}},"line":34},"12":{"name":"(anonymous_12)","decl":{"start":{"line":35,"column":17},"end":{"line":35,"column":18}},"loc":{"start":{"line":35,"column":26},"end":{"line":35,"column":69}},"line":35},"13":{"name":"(anonymous_13)","decl":{"start":{"line":38,"column":15},"end":{"line":38,"column":16}},"loc":{"start":{"line":38,"column":23},"end":{"line":38,"column":52}},"line":38},"14":{"name":"(anonymous_14)","decl":{"start":{"line":39,"column":19},"end":{"line":39,"column":20}},"loc":{"start":{"line":39,"column":27},"end":{"line":39,"column":66}},"line":39},"15":{"name":"(anonymous_15)","decl":{"start":{"line":42,"column":19},"end":{"line":42,"column":20}},"loc":{"start":{"line":42,"column":27},"end":{"line":42,"column":60}},"line":42},"16":{"name":"(anonymous_16)","decl":{"start":{"line":43,"column":20},"end":{"line":43,"column":21}},"loc":{"start":{"line":43,"column":28},"end":{"line":43,"column":68}},"line":43},"17":{"name":"(anonymous_17)","decl":{"start":{"line":44,"column":19},"end":{"line":44,"column":20}},"loc":{"start":{"line":44,"column":27},"end":{"line":44,"column":66}},"line":44},"18":{"name":"(anonymous_18)","decl":{"start":{"line":46,"column":10},"end":{"line":46,"column":11}},"loc":{"start":{"line":46,"column":19},"end":{"line":46,"column":49}},"line":46},"19":{"name":"(anonymous_19)","decl":{"start":{"line":47,"column":15},"end":{"line":47,"column":16}},"loc":{"start":{"line":47,"column":28},"end":{"line":47,"column":68}},"line":47},"20":{"name":"(anonymous_20)","decl":{"start":{"line":48,"column":16},"end":{"line":48,"column":17}},"loc":{"start":{"line":48,"column":30},"end":{"line":48,"column":72}},"line":48},"21":{"name":"(anonymous_21)","decl":{"start":{"line":50,"column":16},"end":{"line":50,"column":17}},"loc":{"start":{"line":50,"column":25},"end":{"line":50,"column":64}},"line":50},"22":{"name":"(anonymous_22)","decl":{"start":{"line":51,"column":15},"end":{"line":51,"column":16}},"loc":{"start":{"line":51,"column":24},"end":{"line":51,"column":62}},"line":51},"23":{"name":"(anonymous_23)","decl":{"start":{"line":52,"column":17},"end":{"line":52,"column":18}},"loc":{"start":{"line":52,"column":26},"end":{"line":52,"column":66}},"line":52},"24":{"name":"(anonymous_24)","decl":{"start":{"line":55,"column":16},"end":{"line":55,"column":17}},"loc":{"start":{"line":55,"column":28},"end":{"line":55,"column":67}},"line":55}},"branchMap":{"0":{"loc":{"start":{"line":10,"column":23},"end":{"line":10,"column":137}},"type":"binary-expr","locations":[{"start":{"line":10,"column":23},"end":{"line":10,"column":52}},{"start":{"line":10,"column":56},"end":{"line":10,"column":137}}],"line":10},"1":{"loc":{"start":{"line":11,"column":22},"end":{"line":11,"column":138}},"type":"binary-expr","locations":[{"start":{"line":11,"column":22},"end":{"line":11,"column":50}},{"start":{"line":11,"column":54},"end":{"line":11,"column":138}}],"line":11}},"s":{"0":11,"1":11,"2":11,"3":1,"4":1,"5":1,"6":1,"7":11,"8":1,"9":1,"10":0,"11":1,"12":0,"13":11,"14":4,"15":12,"16":2,"17":2,"18":2,"19":2,"20":10,"21":2,"22":2,"23":3,"24":1,"25":3,"26":4,"27":3,"28":2,"29":1,"30":11,"31":11},"f":{"0":1,"1":1,"2":1,"3":1,"4":1,"5":1,"6":0,"7":1,"8":0,"9":4,"10":12,"11":2,"12":2,"13":2,"14":2,"15":10,"16":2,"17":2,"18":3,"19":1,"20":3,"21":4,"22":3,"23":2,"24":1},"b":{"0":[11,0],"1":[11,0]},"_coverageSchema":"1a1c01bbd47fc00a2c39e90264f33305004495a9","hash":"4a79ad0744154c42ebf0a86b273fba874c51ebfc"}
,"C:\\Users\\Acer Nitro\\Documents\\Repositorios\\Proyecto_Arsw\\SportStreamLive-Front\\src\\services\\apiClient.js": {"path":"C:\\Users\\Acer Nitro\\Documents\\Repositorios\\Proyecto_Arsw\\SportStreamLive-Front\\src\\services\\apiClient.js","statementMap":{"0":{"start":{"line":5,"column":16},"end":{"line":5,"column":47}},"1":{"start":{"line":7,"column":18},"end":{"line":11,"column":3}},"2":{"start":{"line":14,"column":2},"end":{"line":21,"column":3}},"3":{"start":{"line":15,"column":4},"end":{"line":15,"column":52}},"4":{"start":{"line":17,"column":4},"end":{"line":20,"column":6}},"5":{"start":{"line":23,"column":2},"end":{"line":26,"column":3}},"6":{"start":{"line":24,"column":4},"end":{"line":24,"column":25}},"7":{"start":{"line":25,"column":4},"end":{"line":25,"column":29}},"8":{"start":{"line":28,"column":2},"end":{"line":28,"column":13}},"9":{"start":{"line":31,"column":20},"end":{"line":31,"column":69}},"10":{"start":{"line":31,"column":35},"end":{"line":31,"column":69}},"11":{"start":{"line":32,"column":20},"end":{"line":35,"column":2}},"12":{"start":{"line":32,"column":35},"end":{"line":35,"column":2}},"13":{"start":{"line":36,"column":20},"end":{"line":39,"column":2}},"14":{"start":{"line":36,"column":35},"end":{"line":39,"column":2}},"15":{"start":{"line":40,"column":20},"end":{"line":40,"column":72}},"16":{"start":{"line":40,"column":35},"end":{"line":40,"column":72}}},"fnMap":{"0":{"name":"apiRequest","decl":{"start":{"line":4,"column":22},"end":{"line":4,"column":32}},"loc":{"start":{"line":4,"column":52},"end":{"line":29,"column":1}},"line":4},"1":{"name":"(anonymous_1)","decl":{"start":{"line":31,"column":20},"end":{"line":31,"column":21}},"loc":{"start":{"line":31,"column":35},"end":{"line":31,"column":69}},"line":31},"2":{"name":"(anonymous_2)","decl":{"start":{"line":32,"column":20},"end":{"line":32,"column":21}},"loc":{"start":{"line":32,"column":35},"end":{"line":35,"column":2}},"line":32},"3":{"name":"(anonymous_3)","decl":{"start":{"line":36,"column":20},"end":{"line":36,"column":21}},"loc":{"start":{"line":36,"column":35},"end":{"line":39,"column":2}},"line":36},"4":{"name":"(anonymous_4)","decl":{"start":{"line":40,"column":20},"end":{"line":40,"column":21}},"loc":{"start":{"line":40,"column":35},"end":{"line":40,"column":72}},"line":40}},"branchMap":{"0":{"loc":{"start":{"line":4,"column":38},"end":{"line":4,"column":50}},"type":"default-arg","locations":[{"start":{"line":4,"column":48},"end":{"line":4,"column":50}}],"line":4},"1":{"loc":{"start":{"line":8,"column":8},"end":{"line":8,"column":80}},"type":"cond-expr","locations":[{"start":{"line":8,"column":37},"end":{"line":8,"column":75}},{"start":{"line":8,"column":78},"end":{"line":8,"column":80}}],"line":8},"2":{"loc":{"start":{"line":9,"column":8},"end":{"line":9,"column":57}},"type":"cond-expr","locations":[{"start":{"line":9,"column":16},"end":{"line":9,"column":52}},{"start":{"line":9,"column":55},"end":{"line":9,"column":57}}],"line":9},"3":{"loc":{"start":{"line":23,"column":2},"end":{"line":26,"column":3}},"type":"if","locations":[{"start":{"line":23,"column":2},"end":{"line":26,"column":3}},{"start":{},"end":{}}],"line":23},"4":{"loc":{"start":{"line":34,"column":6},"end":{"line":34,"column":62}},"type":"cond-expr","locations":[{"start":{"line":34,"column":27},"end":{"line":34,"column":57}},{"start":{"line":34,"column":60},"end":{"line":34,"column":62}}],"line":34},"5":{"loc":{"start":{"line":38,"column":6},"end":{"line":38,"column":62}},"type":"cond-expr","locations":[{"start":{"line":38,"column":27},"end":{"line":38,"column":57}},{"start":{"line":38,"column":60},"end":{"line":38,"column":62}}],"line":38}},"s":{"0":9,"1":9,"2":9,"3":9,"4":1,"5":8,"6":1,"7":1,"8":8,"9":1,"10":5,"11":1,"12":2,"13":1,"14":1,"15":1,"16":1},"f":{"0":9,"1":5,"2":2,"3":1,"4":1},"b":{"0":[0],"1":[3,6],"2":[2,7],"3":[1,7],"4":[2,0],"5":[1,0]},"_coverageSchema":"1a1c01bbd47fc00a2c39e90264f33305004495a9","hash":"6473b50a7d33361721174c949073666c81a106d5"}
,"C:\\Users\\Acer Nitro\\Documents\\Repositorios\\Proyecto_Arsw\\SportStreamLive-Front\\src\\services\\authService.js": {"path":"C:\\Users\\Acer Nitro\\Documents\\Repositorios\\Proyecto_Arsw\\SportStreamLive-Front\\src\\services\\authService.js","statementMap":{"0":{"start":{"line":5,"column":2},"end":{"line":10,"column":3}},"1":{"start":{"line":6,"column":16},"end":{"line":6,"column":73}},"2":{"start":{"line":7,"column":4},"end":{"line":7,"column":33}},"3":{"start":{"line":9,"column":4},"end":{"line":9,"column":14}},"4":{"start":{"line":14,"column":14},"end":{"line":18,"column":4}},"5":{"start":{"line":19,"column":15},"end":{"line":19,"column":31}},"6":{"start":{"line":20,"column":2},"end":{"line":20,"column":72}},"7":{"start":{"line":20,"column":15},"end":{"line":20,"column":72}},"8":{"start":{"line":21,"column":18},"end":{"line":21,"column":46}},"9":{"start":{"line":22,"column":2},"end":{"line":22,"column":46}},"10":{"start":{"line":23,"column":2},"end":{"line":26,"column":6}},"11":{"start":{"line":27,"column":2},"end":{"line":27,"column":14}},"12":{"start":{"line":31,"column":14},"end":{"line":35,"column":4}},"13":{"start":{"line":36,"column":15},"end":{"line":36,"column":31}},"14":{"start":{"line":37,"column":2},"end":{"line":37,"column":69}},"15":{"start":{"line":37,"column":15},"end":{"line":37,"column":69}},"16":{"start":{"line":38,"column":18},"end":{"line":38,"column":46}},"17":{"start":{"line":39,"column":2},"end":{"line":39,"column":46}},"18":{"start":{"line":40,"column":2},"end":{"line":43,"column":6}},"19":{"start":{"line":44,"column":2},"end":{"line":44,"column":14}},"20":{"start":{"line":48,"column":2},"end":{"line":48,"column":37}},"21":{"start":{"line":49,"column":2},"end":{"line":49,"column":36}},"22":{"start":{"line":53,"column":2},"end":{"line":54,"column":24}},"23":{"start":{"line":53,"column":8},"end":{"line":53,"column":58}},"24":{"start":{"line":54,"column":10},"end":{"line":54,"column":22}},"25":{"start":{"line":58,"column":2},"end":{"line":58,"column":41}}},"fnMap":{"0":{"name":"decodeJwtPayload","decl":{"start":{"line":4,"column":9},"end":{"line":4,"column":25}},"loc":{"start":{"line":4,"column":33},"end":{"line":11,"column":1}},"line":4},"1":{"name":"login","decl":{"start":{"line":13,"column":22},"end":{"line":13,"column":27}},"loc":{"start":{"line":13,"column":45},"end":{"line":28,"column":1}},"line":13},"2":{"name":"register","decl":{"start":{"line":30,"column":22},"end":{"line":30,"column":30}},"loc":{"start":{"line":30,"column":68},"end":{"line":45,"column":1}},"line":30},"3":{"name":"logout","decl":{"start":{"line":47,"column":16},"end":{"line":47,"column":22}},"loc":{"start":{"line":47,"column":25},"end":{"line":50,"column":1}},"line":47},"4":{"name":"getStoredUser","decl":{"start":{"line":52,"column":16},"end":{"line":52,"column":29}},"loc":{"start":{"line":52,"column":32},"end":{"line":55,"column":1}},"line":52},"5":{"name":"getToken","decl":{"start":{"line":57,"column":16},"end":{"line":57,"column":24}},"loc":{"start":{"line":57,"column":27},"end":{"line":59,"column":1}},"line":57}},"branchMap":{"0":{"loc":{"start":{"line":20,"column":2},"end":{"line":20,"column":72}},"type":"if","locations":[{"start":{"line":20,"column":2},"end":{"line":20,"column":72}},{"start":{},"end":{}}],"line":20},"1":{"loc":{"start":{"line":20,"column":31},"end":{"line":20,"column":70}},"type":"binary-expr","locations":[{"start":{"line":20,"column":31},"end":{"line":20,"column":41}},{"start":{"line":20,"column":45},"end":{"line":20,"column":70}}],"line":20},"2":{"loc":{"start":{"line":24,"column":8},"end":{"line":24,"column":37}},"type":"binary-expr","locations":[{"start":{"line":24,"column":8},"end":{"line":24,"column":19}},{"start":{"line":24,"column":23},"end":{"line":24,"column":37}}],"line":24},"3":{"loc":{"start":{"line":25,"column":11},"end":{"line":25,"column":30}},"type":"binary-expr","locations":[{"start":{"line":25,"column":11},"end":{"line":25,"column":24}},{"start":{"line":25,"column":28},"end":{"line":25,"column":30}}],"line":25},"4":{"loc":{"start":{"line":37,"column":2},"end":{"line":37,"column":69}},"type":"if","locations":[{"start":{"line":37,"column":2},"end":{"line":37,"column":69}},{"start":{},"end":{}}],"line":37},"5":{"loc":{"start":{"line":37,"column":31},"end":{"line":37,"column":67}},"type":"binary-expr","locations":[{"start":{"line":37,"column":31},"end":{"line":37,"column":41}},{"start":{"line":37,"column":45},"end":{"line":37,"column":67}}],"line":37},"6":{"loc":{"start":{"line":41,"column":8},"end":{"line":41,"column":37}},"type":"binary-expr","locations":[{"start":{"line":41,"column":8},"end":{"line":41,"column":19}},{"start":{"line":41,"column":23},"end":{"line":41,"column":37}}],"line":41},"7":{"loc":{"start":{"line":42,"column":11},"end":{"line":42,"column":30}},"type":"binary-expr","locations":[{"start":{"line":42,"column":11},"end":{"line":42,"column":24}},{"start":{"line":42,"column":28},"end":{"line":42,"column":30}}],"line":42}},"s":{"0":2,"1":2,"2":2,"3":0,"4":3,"5":3,"6":3,"7":2,"8":1,"9":1,"10":1,"11":1,"12":2,"13":2,"14":2,"15":1,"16":1,"17":1,"18":1,"19":1,"20":2,"21":2,"22":3,"23":3,"24":1,"25":2},"f":{"0":2,"1":3,"2":2,"3":2,"4":3,"5":2},"b":{"0":[2,1],"1":[2,1],"2":[1,0],"3":[1,0],"4":[1,1],"5":[1,0],"6":[1,0],"7":[1,0]},"_coverageSchema":"1a1c01bbd47fc00a2c39e90264f33305004495a9","hash":"af6d2ca4b5c71b2d598211bd5ffa4835ff99e880"}
,"C:\\Users\\Acer Nitro\\Documents\\Repositorios\\Proyecto_Arsw\\SportStreamLive-Front\\src\\services\\badgeService.js": {"path":"C:\\Users\\Acer Nitro\\Documents\\Repositorios\\Proyecto_Arsw\\SportStreamLive-Front\\src\\services\\badgeService.js","statementMap":{"0":{"start":{"line":5,"column":25},"end":{"line":9,"column":1}},"1":{"start":{"line":6,"column":14},"end":{"line":6,"column":46}},"2":{"start":{"line":7,"column":2},"end":{"line":7,"column":25}},"3":{"start":{"line":7,"column":15},"end":{"line":7,"column":25}},"4":{"start":{"line":8,"column":2},"end":{"line":8,"column":20}},"5":{"start":{"line":11,"column":26},"end":{"line":12,"column":84}},"6":{"start":{"line":12,"column":2},"end":{"line":12,"column":84}},"7":{"start":{"line":12,"column":75},"end":{"line":12,"column":83}},"8":{"start":{"line":14,"column":27},"end":{"line":22,"column":1}},"9":{"start":{"line":15,"column":14},"end":{"line":15,"column":76}},"10":{"start":{"line":16,"column":2},"end":{"line":20,"column":3}},"11":{"start":{"line":17,"column":14},"end":{"line":17,"column":34}},"12":{"start":{"line":18,"column":4},"end":{"line":18,"column":89}},"13":{"start":{"line":18,"column":22},"end":{"line":18,"column":38}},"14":{"start":{"line":18,"column":40},"end":{"line":18,"column":78}},"15":{"start":{"line":19,"column":4},"end":{"line":19,"column":25}},"16":{"start":{"line":21,"column":2},"end":{"line":21,"column":20}}},"fnMap":{"0":{"name":"(anonymous_0)","decl":{"start":{"line":5,"column":25},"end":{"line":5,"column":26}},"loc":{"start":{"line":5,"column":40},"end":{"line":9,"column":1}},"line":5},"1":{"name":"(anonymous_1)","decl":{"start":{"line":11,"column":26},"end":{"line":11,"column":27}},"loc":{"start":{"line":12,"column":2},"end":{"line":12,"column":84}},"line":12},"2":{"name":"(anonymous_2)","decl":{"start":{"line":12,"column":70},"end":{"line":12,"column":71}},"loc":{"start":{"line":12,"column":75},"end":{"line":12,"column":83}},"line":12},"3":{"name":"(anonymous_3)","decl":{"start":{"line":14,"column":27},"end":{"line":14,"column":28}},"loc":{"start":{"line":14,"column":61},"end":{"line":22,"column":1}},"line":14}},"branchMap":{"0":{"loc":{"start":{"line":7,"column":2},"end":{"line":7,"column":25}},"type":"if","locations":[{"start":{"line":7,"column":2},"end":{"line":7,"column":25}},{"start":{},"end":{}}],"line":7},"1":{"loc":{"start":{"line":16,"column":2},"end":{"line":20,"column":3}},"type":"if","locations":[{"start":{"line":16,"column":2},"end":{"line":20,"column":3}},{"start":{},"end":{}}],"line":16},"2":{"loc":{"start":{"line":18,"column":46},"end":{"line":18,"column":77}},"type":"binary-expr","locations":[{"start":{"line":18,"column":46},"end":{"line":18,"column":57}},{"start":{"line":18,"column":61},"end":{"line":18,"column":70}},{"start":{"line":18,"column":74},"end":{"line":18,"column":77}}],"line":18}},"s":{"0":1,"1":2,"2":2,"3":1,"4":1,"5":1,"6":1,"7":1,"8":1,"9":3,"10":3,"11":2,"12":2,"13":2,"14":2,"15":2,"16":1},"f":{"0":2,"1":1,"2":1,"3":3},"b":{"0":[1,1],"1":[2,1],"2":[2,1,1]},"_coverageSchema":"1a1c01bbd47fc00a2c39e90264f33305004495a9","hash":"96812f1fc055d6daa7d5d55e1c156ee39e65ef77"}
,"C:\\Users\\Acer Nitro\\Documents\\Repositorios\\Proyecto_Arsw\\SportStreamLive-Front\\src\\services\\challengeService.js": {"path":"C:\\Users\\Acer Nitro\\Documents\\Repositorios\\Proyecto_Arsw\\SportStreamLive-Front\\src\\services\\challengeService.js","statementMap":{"0":{"start":{"line":5,"column":29},"end":{"line":9,"column":1}},"1":{"start":{"line":6,"column":14},"end":{"line":6,"column":45}},"2":{"start":{"line":7,"column":2},"end":{"line":7,"column":70}},"3":{"start":{"line":7,"column":15},"end":{"line":7,"column":70}},"4":{"start":{"line":8,"column":2},"end":{"line":8,"column":20}},"5":{"start":{"line":11,"column":32},"end":{"line":15,"column":1}},"6":{"start":{"line":12,"column":14},"end":{"line":12,"column":54}},"7":{"start":{"line":13,"column":2},"end":{"line":13,"column":53}},"8":{"start":{"line":13,"column":15},"end":{"line":13,"column":53}},"9":{"start":{"line":14,"column":2},"end":{"line":14,"column":20}},"10":{"start":{"line":17,"column":31},"end":{"line":24,"column":1}},"11":{"start":{"line":18,"column":14},"end":{"line":18,"column":52}},"12":{"start":{"line":19,"column":2},"end":{"line":22,"column":3}},"13":{"start":{"line":20,"column":17},"end":{"line":20,"column":51}},"14":{"start":{"line":20,"column":47},"end":{"line":20,"column":49}},"15":{"start":{"line":21,"column":4},"end":{"line":21,"column":60}},"16":{"start":{"line":23,"column":2},"end":{"line":23,"column":20}},"17":{"start":{"line":26,"column":31},"end":{"line":35,"column":1}},"18":{"start":{"line":27,"column":14},"end":{"line":29,"column":3}},"19":{"start":{"line":30,"column":2},"end":{"line":33,"column":3}},"20":{"start":{"line":31,"column":17},"end":{"line":31,"column":51}},"21":{"start":{"line":31,"column":47},"end":{"line":31,"column":49}},"22":{"start":{"line":32,"column":4},"end":{"line":32,"column":61}},"23":{"start":{"line":34,"column":2},"end":{"line":34,"column":20}},"24":{"start":{"line":37,"column":30},"end":{"line":47,"column":1}},"25":{"start":{"line":38,"column":14},"end":{"line":41,"column":3}},"26":{"start":{"line":42,"column":2},"end":{"line":45,"column":3}},"27":{"start":{"line":43,"column":17},"end":{"line":43,"column":51}},"28":{"start":{"line":43,"column":47},"end":{"line":43,"column":49}},"29":{"start":{"line":44,"column":4},"end":{"line":44,"column":61}},"30":{"start":{"line":46,"column":2},"end":{"line":46,"column":20}},"31":{"start":{"line":49,"column":33},"end":{"line":59,"column":1}},"32":{"start":{"line":50,"column":14},"end":{"line":53,"column":3}},"33":{"start":{"line":54,"column":2},"end":{"line":57,"column":3}},"34":{"start":{"line":55,"column":17},"end":{"line":55,"column":51}},"35":{"start":{"line":55,"column":47},"end":{"line":55,"column":49}},"36":{"start":{"line":56,"column":4},"end":{"line":56,"column":65}},"37":{"start":{"line":58,"column":2},"end":{"line":58,"column":20}},"38":{"start":{"line":61,"column":27},"end":{"line":67,"column":1}},"39":{"start":{"line":62,"column":14},"end":{"line":64,"column":3}},"40":{"start":{"line":65,"column":2},"end":{"line":65,"column":25}},"41":{"start":{"line":65,"column":15},"end":{"line":65,"column":25}},"42":{"start":{"line":66,"column":2},"end":{"line":66,"column":20}},"43":{"start":{"line":69,"column":28},"end":{"line":79,"column":1}},"44":{"start":{"line":70,"column":14},"end":{"line":73,"column":3}},"45":{"start":{"line":74,"column":2},"end":{"line":77,"column":3}},"46":{"start":{"line":75,"column":17},"end":{"line":75,"column":51}},"47":{"start":{"line":75,"column":47},"end":{"line":75,"column":49}},"48":{"start":{"line":76,"column":4},"end":{"line":76,"column":64}},"49":{"start":{"line":78,"column":2},"end":{"line":78,"column":20}},"50":{"start":{"line":81,"column":29},"end":{"line":87,"column":1}},"51":{"start":{"line":82,"column":14},"end":{"line":84,"column":3}},"52":{"start":{"line":85,"column":2},"end":{"line":85,"column":25}},"53":{"start":{"line":85,"column":15},"end":{"line":85,"column":25}},"54":{"start":{"line":86,"column":2},"end":{"line":86,"column":20}}},"fnMap":{"0":{"name":"(anonymous_0)","decl":{"start":{"line":5,"column":29},"end":{"line":5,"column":30}},"loc":{"start":{"line":5,"column":41},"end":{"line":9,"column":1}},"line":5},"1":{"name":"(anonymous_1)","decl":{"start":{"line":11,"column":32},"end":{"line":11,"column":33}},"loc":{"start":{"line":11,"column":46},"end":{"line":15,"column":1}},"line":11},"2":{"name":"(anonymous_2)","decl":{"start":{"line":17,"column":31},"end":{"line":17,"column":32}},"loc":{"start":{"line":17,"column":47},"end":{"line":24,"column":1}},"line":17},"3":{"name":"(anonymous_3)","decl":{"start":{"line":20,"column":40},"end":{"line":20,"column":41}},"loc":{"start":{"line":20,"column":47},"end":{"line":20,"column":49}},"line":20},"4":{"name":"(anonymous_4)","decl":{"start":{"line":26,"column":31},"end":{"line":26,"column":32}},"loc":{"start":{"line":26,"column":50},"end":{"line":35,"column":1}},"line":26},"5":{"name":"(anonymous_5)","decl":{"start":{"line":31,"column":40},"end":{"line":31,"column":41}},"loc":{"start":{"line":31,"column":47},"end":{"line":31,"column":49}},"line":31},"6":{"name":"(anonymous_6)","decl":{"start":{"line":37,"column":30},"end":{"line":37,"column":31}},"loc":{"start":{"line":37,"column":49},"end":{"line":47,"column":1}},"line":37},"7":{"name":"(anonymous_7)","decl":{"start":{"line":43,"column":40},"end":{"line":43,"column":41}},"loc":{"start":{"line":43,"column":47},"end":{"line":43,"column":49}},"line":43},"8":{"name":"(anonymous_8)","decl":{"start":{"line":49,"column":33},"end":{"line":49,"column":34}},"loc":{"start":{"line":49,"column":59},"end":{"line":59,"column":1}},"line":49},"9":{"name":"(anonymous_9)","decl":{"start":{"line":55,"column":40},"end":{"line":55,"column":41}},"loc":{"start":{"line":55,"column":47},"end":{"line":55,"column":49}},"line":55},"10":{"name":"(anonymous_10)","decl":{"start":{"line":61,"column":27},"end":{"line":61,"column":28}},"loc":{"start":{"line":61,"column":46},"end":{"line":67,"column":1}},"line":61},"11":{"name":"(anonymous_11)","decl":{"start":{"line":69,"column":28},"end":{"line":69,"column":29}},"loc":{"start":{"line":69,"column":54},"end":{"line":79,"column":1}},"line":69},"12":{"name":"(anonymous_12)","decl":{"start":{"line":75,"column":40},"end":{"line":75,"column":41}},"loc":{"start":{"line":75,"column":47},"end":{"line":75,"column":49}},"line":75},"13":{"name":"(anonymous_13)","decl":{"start":{"line":81,"column":29},"end":{"line":81,"column":30}},"loc":{"start":{"line":81,"column":48},"end":{"line":87,"column":1}},"line":81}},"branchMap":{"0":{"loc":{"start":{"line":7,"column":2},"end":{"line":7,"column":70}},"type":"if","locations":[{"start":{"line":7,"column":2},"end":{"line":7,"column":70}},{"start":{},"end":{}}],"line":7},"1":{"loc":{"start":{"line":13,"column":2},"end":{"line":13,"column":53}},"type":"if","locations":[{"start":{"line":13,"column":2},"end":{"line":13,"column":53}},{"start":{},"end":{}}],"line":13},"2":{"loc":{"start":{"line":19,"column":2},"end":{"line":22,"column":3}},"type":"if","locations":[{"start":{"line":19,"column":2},"end":{"line":22,"column":3}},{"start":{},"end":{}}],"line":19},"3":{"loc":{"start":{"line":21,"column":20},"end":{"line":21,"column":58}},"type":"binary-expr","locations":[{"start":{"line":21,"column":20},"end":{"line":21,"column":30}},{"start":{"line":21,"column":34},"end":{"line":21,"column":58}}],"line":21},"4":{"loc":{"start":{"line":30,"column":2},"end":{"line":33,"column":3}},"type":"if","locations":[{"start":{"line":30,"column":2},"end":{"line":33,"column":3}},{"start":{},"end":{}}],"line":30},"5":{"loc":{"start":{"line":32,"column":20},"end":{"line":32,"column":59}},"type":"binary-expr","locations":[{"start":{"line":32,"column":20},"end":{"line":32,"column":30}},{"start":{"line":32,"column":34},"end":{"line":32,"column":59}}],"line":32},"6":{"loc":{"start":{"line":42,"column":2},"end":{"line":45,"column":3}},"type":"if","locations":[{"start":{"line":42,"column":2},"end":{"line":45,"column":3}},{"start":{},"end":{}}],"line":42},"7":{"loc":{"start":{"line":44,"column":20},"end":{"line":44,"column":59}},"type":"binary-expr","locations":[{"start":{"line":44,"column":20},"end":{"line":44,"column":30}},{"start":{"line":44,"column":34},"end":{"line":44,"column":59}}],"line":44},"8":{"loc":{"start":{"line":54,"column":2},"end":{"line":57,"column":3}},"type":"if","locations":[{"start":{"line":54,"column":2},"end":{"line":57,"column":3}},{"start":{},"end":{}}],"line":54},"9":{"loc":{"start":{"line":56,"column":20},"end":{"line":56,"column":63}},"type":"binary-expr","locations":[{"start":{"line":56,"column":20},"end":{"line":56,"column":30}},{"start":{"line":56,"column":34},"end":{"line":56,"column":63}}],"line":56},"10":{"loc":{"start":{"line":65,"column":2},"end":{"line":65,"column":25}},"type":"if","locations":[{"start":{"line":65,"column":2},"end":{"line":65,"column":25}},{"start":{},"end":{}}],"line":65},"11":{"loc":{"start":{"line":74,"column":2},"end":{"line":77,"column":3}},"type":"if","locations":[{"start":{"line":74,"column":2},"end":{"line":77,"column":3}},{"start":{},"end":{}}],"line":74},"12":{"loc":{"start":{"line":76,"column":20},"end":{"line":76,"column":62}},"type":"binary-expr","locations":[{"start":{"line":76,"column":20},"end":{"line":76,"column":30}},{"start":{"line":76,"column":34},"end":{"line":76,"column":62}}],"line":76},"13":{"loc":{"start":{"line":85,"column":2},"end":{"line":85,"column":25}},"type":"if","locations":[{"start":{"line":85,"column":2},"end":{"line":85,"column":25}},{"start":{},"end":{}}],"line":85}},"s":{"0":1,"1":2,"2":2,"3":1,"4":1,"5":1,"6":2,"7":2,"8":1,"9":1,"10":1,"11":3,"12":3,"13":2,"14":0,"15":2,"16":1,"17":1,"18":2,"19":2,"20":1,"21":0,"22":1,"23":1,"24":1,"25":2,"26":2,"27":1,"28":0,"29":1,"30":1,"31":1,"32":2,"33":2,"34":1,"35":0,"36":1,"37":1,"38":1,"39":2,"40":2,"41":1,"42":1,"43":1,"44":2,"45":2,"46":1,"47":0,"48":1,"49":1,"50":1,"51":2,"52":2,"53":1,"54":1},"f":{"0":2,"1":2,"2":3,"3":0,"4":2,"5":0,"6":2,"7":0,"8":2,"9":0,"10":2,"11":2,"12":0,"13":2},"b":{"0":[1,1],"1":[1,1],"2":[2,1],"3":[2,1],"4":[1,1],"5":[1,0],"6":[1,1],"7":[1,0],"8":[1,1],"9":[1,1],"10":[1,1],"11":[1,1],"12":[1,0],"13":[1,1]},"_coverageSchema":"1a1c01bbd47fc00a2c39e90264f33305004495a9","hash":"fbfdcecf91e23dd8ad94363d66af8ef15a1e30bc"}
,"C:\\Users\\Acer Nitro\\Documents\\Repositorios\\Proyecto_Arsw\\SportStreamLive-Front\\src\\services\\chatService.js": {"path":"C:\\Users\\Acer Nitro\\Documents\\Repositorios\\Proyecto_Arsw\\SportStreamLive-Front\\src\\services\\chatService.js","statementMap":{"0":{"start":{"line":5,"column":30},"end":{"line":6,"column":57}},"1":{"start":{"line":6,"column":2},"end":{"line":6,"column":57}},"2":{"start":{"line":6,"column":48},"end":{"line":6,"column":56}}},"fnMap":{"0":{"name":"(anonymous_0)","decl":{"start":{"line":5,"column":30},"end":{"line":5,"column":31}},"loc":{"start":{"line":6,"column":2},"end":{"line":6,"column":57}},"line":6},"1":{"name":"(anonymous_1)","decl":{"start":{"line":6,"column":43},"end":{"line":6,"column":44}},"loc":{"start":{"line":6,"column":48},"end":{"line":6,"column":56}},"line":6}},"branchMap":{},"s":{"0":1,"1":1,"2":1},"f":{"0":1,"1":1},"b":{},"_coverageSchema":"1a1c01bbd47fc00a2c39e90264f33305004495a9","hash":"069d875d88f0b2380f4f565ab8876eae6192d98d"}
,"C:\\Users\\Acer Nitro\\Documents\\Repositorios\\Proyecto_Arsw\\SportStreamLive-Front\\src\\services\\dashboardService.js": {"path":"C:\\Users\\Acer Nitro\\Documents\\Repositorios\\Proyecto_Arsw\\SportStreamLive-Front\\src\\services\\dashboardService.js","statementMap":{"0":{"start":{"line":6,"column":28},"end":{"line":10,"column":1}},"1":{"start":{"line":7,"column":14},"end":{"line":7,"column":49}},"2":{"start":{"line":8,"column":2},"end":{"line":8,"column":27}},"3":{"start":{"line":8,"column":15},"end":{"line":8,"column":27}},"4":{"start":{"line":9,"column":2},"end":{"line":9,"column":20}},"5":{"start":{"line":13,"column":34},"end":{"line":17,"column":1}},"6":{"start":{"line":14,"column":14},"end":{"line":14,"column":54}},"7":{"start":{"line":15,"column":2},"end":{"line":15,"column":27}},"8":{"start":{"line":15,"column":15},"end":{"line":15,"column":27}},"9":{"start":{"line":16,"column":2},"end":{"line":16,"column":20}},"10":{"start":{"line":20,"column":23},"end":{"line":24,"column":1}},"11":{"start":{"line":21,"column":14},"end":{"line":21,"column":67}},"12":{"start":{"line":22,"column":2},"end":{"line":22,"column":27}},"13":{"start":{"line":22,"column":15},"end":{"line":22,"column":27}},"14":{"start":{"line":23,"column":2},"end":{"line":23,"column":20}},"15":{"start":{"line":29,"column":24},"end":{"line":38,"column":1}},"16":{"start":{"line":30,"column":14},"end":{"line":30,"column":55}},"17":{"start":{"line":31,"column":2},"end":{"line":34,"column":3}},"18":{"start":{"line":32,"column":4},"end":{"line":32,"column":68}},"19":{"start":{"line":33,"column":4},"end":{"line":33,"column":14}},"20":{"start":{"line":35,"column":15},"end":{"line":35,"column":31}},"21":{"start":{"line":37,"column":2},"end":{"line":37,"column":58}},"22":{"start":{"line":44,"column":23},"end":{"line":57,"column":1}},"23":{"start":{"line":45,"column":14},"end":{"line":45,"column":67}},"24":{"start":{"line":46,"column":2},"end":{"line":49,"column":3}},"25":{"start":{"line":47,"column":16},"end":{"line":47,"column":50}},"26":{"start":{"line":47,"column":46},"end":{"line":47,"column":48}},"27":{"start":{"line":48,"column":4},"end":{"line":48,"column":72}},"28":{"start":{"line":50,"column":15},"end":{"line":50,"column":31}},"29":{"start":{"line":53,"column":2},"end":{"line":53,"column":39}},"30":{"start":{"line":53,"column":27},"end":{"line":53,"column":39}},"31":{"start":{"line":54,"column":2},"end":{"line":54,"column":52}},"32":{"start":{"line":54,"column":34},"end":{"line":54,"column":52}},"33":{"start":{"line":56,"column":2},"end":{"line":56,"column":23}},"34":{"start":{"line":63,"column":27},"end":{"line":70,"column":1}},"35":{"start":{"line":64,"column":14},"end":{"line":64,"column":66}},"36":{"start":{"line":65,"column":2},"end":{"line":65,"column":74}},"37":{"start":{"line":65,"column":15},"end":{"line":65,"column":74}},"38":{"start":{"line":66,"column":15},"end":{"line":66,"column":31}},"39":{"start":{"line":67,"column":2},"end":{"line":67,"column":39}},"40":{"start":{"line":67,"column":27},"end":{"line":67,"column":39}},"41":{"start":{"line":68,"column":2},"end":{"line":68,"column":52}},"42":{"start":{"line":68,"column":34},"end":{"line":68,"column":52}},"43":{"start":{"line":69,"column":2},"end":{"line":69,"column":23}},"44":{"start":{"line":76,"column":26},"end":{"line":86,"column":1}},"45":{"start":{"line":77,"column":14},"end":{"line":80,"column":3}},"46":{"start":{"line":81,"column":2},"end":{"line":81,"column":71}},"47":{"start":{"line":81,"column":15},"end":{"line":81,"column":71}},"48":{"start":{"line":82,"column":15},"end":{"line":82,"column":31}},"49":{"start":{"line":83,"column":2},"end":{"line":83,"column":39}},"50":{"start":{"line":83,"column":27},"end":{"line":83,"column":39}},"51":{"start":{"line":84,"column":2},"end":{"line":84,"column":52}},"52":{"start":{"line":84,"column":34},"end":{"line":84,"column":52}},"53":{"start":{"line":85,"column":2},"end":{"line":85,"column":23}}},"fnMap":{"0":{"name":"(anonymous_0)","decl":{"start":{"line":6,"column":28},"end":{"line":6,"column":29}},"loc":{"start":{"line":6,"column":43},"end":{"line":10,"column":1}},"line":6},"1":{"name":"(anonymous_1)","decl":{"start":{"line":13,"column":34},"end":{"line":13,"column":35}},"loc":{"start":{"line":13,"column":49},"end":{"line":17,"column":1}},"line":13},"2":{"name":"(anonymous_2)","decl":{"start":{"line":20,"column":23},"end":{"line":20,"column":24}},"loc":{"start":{"line":20,"column":48},"end":{"line":24,"column":1}},"line":20},"3":{"name":"(anonymous_3)","decl":{"start":{"line":29,"column":24},"end":{"line":29,"column":25}},"loc":{"start":{"line":29,"column":39},"end":{"line":38,"column":1}},"line":29},"4":{"name":"(anonymous_4)","decl":{"start":{"line":44,"column":23},"end":{"line":44,"column":24}},"loc":{"start":{"line":44,"column":45},"end":{"line":57,"column":1}},"line":44},"5":{"name":"(anonymous_5)","decl":{"start":{"line":47,"column":39},"end":{"line":47,"column":40}},"loc":{"start":{"line":47,"column":46},"end":{"line":47,"column":48}},"line":47},"6":{"name":"(anonymous_6)","decl":{"start":{"line":63,"column":27},"end":{"line":63,"column":28}},"loc":{"start":{"line":63,"column":49},"end":{"line":70,"column":1}},"line":63},"7":{"name":"(anonymous_7)","decl":{"start":{"line":76,"column":26},"end":{"line":76,"column":27}},"loc":{"start":{"line":76,"column":48},"end":{"line":86,"column":1}},"line":76}},"branchMap":{"0":{"loc":{"start":{"line":8,"column":2},"end":{"line":8,"column":27}},"type":"if","locations":[{"start":{"line":8,"column":2},"end":{"line":8,"column":27}},{"start":{},"end":{}}],"line":8},"1":{"loc":{"start":{"line":15,"column":2},"end":{"line":15,"column":27}},"type":"if","locations":[{"start":{"line":15,"column":2},"end":{"line":15,"column":27}},{"start":{},"end":{}}],"line":15},"2":{"loc":{"start":{"line":22,"column":2},"end":{"line":22,"column":27}},"type":"if","locations":[{"start":{"line":22,"column":2},"end":{"line":22,"column":27}},{"start":{},"end":{}}],"line":22},"3":{"loc":{"start":{"line":31,"column":2},"end":{"line":34,"column":3}},"type":"if","locations":[{"start":{"line":31,"column":2},"end":{"line":34,"column":3}},{"start":{},"end":{}}],"line":31},"4":{"loc":{"start":{"line":37,"column":9},"end":{"line":37,"column":57}},"type":"cond-expr","locations":[{"start":{"line":37,"column":31},"end":{"line":37,"column":35}},{"start":{"line":37,"column":39},"end":{"line":37,"column":56}}],"line":37},"5":{"loc":{"start":{"line":37,"column":39},"end":{"line":37,"column":56}},"type":"binary-expr","locations":[{"start":{"line":37,"column":39},"end":{"line":37,"column":50}},{"start":{"line":37,"column":54},"end":{"line":37,"column":56}}],"line":37},"6":{"loc":{"start":{"line":46,"column":2},"end":{"line":49,"column":3}},"type":"if","locations":[{"start":{"line":46,"column":2},"end":{"line":49,"column":3}},{"start":{},"end":{}}],"line":46},"7":{"loc":{"start":{"line":48,"column":20},"end":{"line":48,"column":70}},"type":"binary-expr","locations":[{"start":{"line":48,"column":20},"end":{"line":48,"column":29}},{"start":{"line":48,"column":33},"end":{"line":48,"column":70}}],"line":48},"8":{"loc":{"start":{"line":53,"column":2},"end":{"line":53,"column":39}},"type":"if","locations":[{"start":{"line":53,"column":2},"end":{"line":53,"column":39}},{"start":{},"end":{}}],"line":53},"9":{"loc":{"start":{"line":54,"column":2},"end":{"line":54,"column":52}},"type":"if","locations":[{"start":{"line":54,"column":2},"end":{"line":54,"column":52}},{"start":{},"end":{}}],"line":54},"10":{"loc":{"start":{"line":65,"column":2},"end":{"line":65,"column":74}},"type":"if","locations":[{"start":{"line":65,"column":2},"end":{"line":65,"column":74}},{"start":{},"end":{}}],"line":65},"11":{"loc":{"start":{"line":67,"column":2},"end":{"line":67,"column":39}},"type":"if","locations":[{"start":{"line":67,"column":2},"end":{"line":67,"column":39}},{"start":{},"end":{}}],"line":67},"12":{"loc":{"start":{"line":68,"column":2},"end":{"line":68,"column":52}},"type":"if","locations":[{"start":{"line":68,"column":2},"end":{"line":68,"column":52}},{"start":{},"end":{}}],"line":68},"13":{"loc":{"start":{"line":81,"column":2},"end":{"line":81,"column":71}},"type":"if","locations":[{"start":{"line":81,"column":2},"end":{"line":81,"column":71}},{"start":{},"end":{}}],"line":81},"14":{"loc":{"start":{"line":83,"column":2},"end":{"line":83,"column":39}},"type":"if","locations":[{"start":{"line":83,"column":2},"end":{"line":83,"column":39}},{"start":{},"end":{}}],"line":83},"15":{"loc":{"start":{"line":84,"column":2},"end":{"line":84,"column":52}},"type":"if","locations":[{"start":{"line":84,"column":2},"end":{"line":84,"column":52}},{"start":{},"end":{}}],"line":84}},"s":{"0":1,"1":2,"2":2,"3":1,"4":1,"5":1,"6":2,"7":2,"8":1,"9":1,"10":1,"11":2,"12":2,"13":1,"14":1,"15":1,"16":3,"17":3,"18":1,"19":1,"20":2,"21":2,"22":1,"23":4,"24":4,"25":2,"26":0,"27":2,"28":2,"29":2,"30":1,"31":1,"32":1,"33":0,"34":1,"35":3,"36":3,"37":1,"38":2,"39":2,"40":1,"41":1,"42":1,"43":0,"44":1,"45":2,"46":2,"47":1,"48":1,"49":1,"50":1,"51":0,"52":0,"53":0},"f":{"0":2,"1":2,"2":2,"3":3,"4":4,"5":0,"6":3,"7":2},"b":{"0":[1,1],"1":[1,1],"2":[1,1],"3":[1,2],"4":[1,1],"5":[1,0],"6":[2,2],"7":[2,1],"8":[1,1],"9":[1,0],"10":[1,2],"11":[1,1],"12":[1,0],"13":[1,1],"14":[1,0],"15":[0,0]},"_coverageSchema":"1a1c01bbd47fc00a2c39e90264f33305004495a9","hash":"4ce4f8aac9918cfd2512afd3dc741ff21f0c88bc"}
,"C:\\Users\\Acer Nitro\\Documents\\Repositorios\\Proyecto_Arsw\\SportStreamLive-Front\\src\\services\\eventService.js": {"path":"C:\\Users\\Acer Nitro\\Documents\\Repositorios\\Proyecto_Arsw\\SportStreamLive-Front\\src\\services\\eventService.js","statementMap":{"0":{"start":{"line":5,"column":25},"end":{"line":9,"column":1}},"1":{"start":{"line":6,"column":14},"end":{"line":6,"column":41}},"2":{"start":{"line":7,"column":2},"end":{"line":7,"column":72}},"3":{"start":{"line":7,"column":15},"end":{"line":7,"column":72}},"4":{"start":{"line":8,"column":2},"end":{"line":8,"column":20}},"5":{"start":{"line":11,"column":28},"end":{"line":15,"column":1}},"6":{"start":{"line":12,"column":14},"end":{"line":12,"column":50}},"7":{"start":{"line":13,"column":2},"end":{"line":13,"column":55}},"8":{"start":{"line":13,"column":15},"end":{"line":13,"column":55}},"9":{"start":{"line":14,"column":2},"end":{"line":14,"column":20}},"10":{"start":{"line":17,"column":27},"end":{"line":24,"column":1}},"11":{"start":{"line":18,"column":14},"end":{"line":18,"column":48}},"12":{"start":{"line":19,"column":2},"end":{"line":22,"column":3}},"13":{"start":{"line":20,"column":17},"end":{"line":20,"column":51}},"14":{"start":{"line":20,"column":47},"end":{"line":20,"column":49}},"15":{"start":{"line":21,"column":4},"end":{"line":21,"column":76}},"16":{"start":{"line":23,"column":2},"end":{"line":23,"column":20}},"17":{"start":{"line":26,"column":30},"end":{"line":34,"column":1}},"18":{"start":{"line":27,"column":14},"end":{"line":27,"column":82}},"19":{"start":{"line":28,"column":14},"end":{"line":28,"column":29}},"20":{"start":{"line":29,"column":2},"end":{"line":32,"column":3}},"21":{"start":{"line":30,"column":17},"end":{"line":30,"column":51}},"22":{"start":{"line":30,"column":47},"end":{"line":30,"column":49}},"23":{"start":{"line":31,"column":4},"end":{"line":31,"column":58}},"24":{"start":{"line":33,"column":2},"end":{"line":33,"column":20}}},"fnMap":{"0":{"name":"(anonymous_0)","decl":{"start":{"line":5,"column":25},"end":{"line":5,"column":26}},"loc":{"start":{"line":5,"column":37},"end":{"line":9,"column":1}},"line":5},"1":{"name":"(anonymous_1)","decl":{"start":{"line":11,"column":28},"end":{"line":11,"column":29}},"loc":{"start":{"line":11,"column":42},"end":{"line":15,"column":1}},"line":11},"2":{"name":"(anonymous_2)","decl":{"start":{"line":17,"column":27},"end":{"line":17,"column":28}},"loc":{"start":{"line":17,"column":43},"end":{"line":24,"column":1}},"line":17},"3":{"name":"(anonymous_3)","decl":{"start":{"line":20,"column":40},"end":{"line":20,"column":41}},"loc":{"start":{"line":20,"column":47},"end":{"line":20,"column":49}},"line":20},"4":{"name":"(anonymous_4)","decl":{"start":{"line":26,"column":30},"end":{"line":26,"column":31}},"loc":{"start":{"line":26,"column":49},"end":{"line":34,"column":1}},"line":26},"5":{"name":"(anonymous_5)","decl":{"start":{"line":30,"column":40},"end":{"line":30,"column":41}},"loc":{"start":{"line":30,"column":47},"end":{"line":30,"column":49}},"line":30}},"branchMap":{"0":{"loc":{"start":{"line":7,"column":2},"end":{"line":7,"column":72}},"type":"if","locations":[{"start":{"line":7,"column":2},"end":{"line":7,"column":72}},{"start":{},"end":{}}],"line":7},"1":{"loc":{"start":{"line":13,"column":2},"end":{"line":13,"column":55}},"type":"if","locations":[{"start":{"line":13,"column":2},"end":{"line":13,"column":55}},{"start":{},"end":{}}],"line":13},"2":{"loc":{"start":{"line":19,"column":2},"end":{"line":22,"column":3}},"type":"if","locations":[{"start":{"line":19,"column":2},"end":{"line":22,"column":3}},{"start":{},"end":{}}],"line":19},"3":{"loc":{"start":{"line":21,"column":20},"end":{"line":21,"column":74}},"type":"binary-expr","locations":[{"start":{"line":21,"column":20},"end":{"line":21,"column":30}},{"start":{"line":21,"column":34},"end":{"line":21,"column":74}}],"line":21},"4":{"loc":{"start":{"line":29,"column":2},"end":{"line":32,"column":3}},"type":"if","locations":[{"start":{"line":29,"column":2},"end":{"line":32,"column":3}},{"start":{},"end":{}}],"line":29},"5":{"loc":{"start":{"line":31,"column":20},"end":{"line":31,"column":56}},"type":"binary-expr","locations":[{"start":{"line":31,"column":20},"end":{"line":31,"column":30}},{"start":{"line":31,"column":34},"end":{"line":31,"column":56}}],"line":31}},"s":{"0":1,"1":2,"2":2,"3":1,"4":1,"5":1,"6":2,"7":2,"8":1,"9":1,"10":1,"11":3,"12":3,"13":2,"14":0,"15":2,"16":1,"17":1,"18":2,"19":2,"20":2,"21":1,"22":0,"23":1,"24":1},"f":{"0":2,"1":2,"2":3,"3":0,"4":2,"5":0},"b":{"0":[1,1],"1":[1,1],"2":[2,1],"3":[2,1],"4":[1,1],"5":[1,0]},"_coverageSchema":"1a1c01bbd47fc00a2c39e90264f33305004495a9","hash":"070b5d894d5707d3dfa05b75ba50a30b9ca73c1d"}
,"C:\\Users\\Acer Nitro\\Documents\\Repositorios\\Proyecto_Arsw\\SportStreamLive-Front\\src\\services\\metricsService.js": {"path":"C:\\Users\\Acer Nitro\\Documents\\Repositorios\\Proyecto_Arsw\\SportStreamLive-Front\\src\\services\\metricsService.js","statementMap":{"0":{"start":{"line":5,"column":26},"end":{"line":9,"column":1}},"1":{"start":{"line":6,"column":14},"end":{"line":6,"column":55}},"2":{"start":{"line":7,"column":2},"end":{"line":7,"column":74}},"3":{"start":{"line":7,"column":15},"end":{"line":7,"column":74}},"4":{"start":{"line":8,"column":2},"end":{"line":8,"column":20}}},"fnMap":{"0":{"name":"(anonymous_0)","decl":{"start":{"line":5,"column":26},"end":{"line":5,"column":27}},"loc":{"start":{"line":5,"column":38},"end":{"line":9,"column":1}},"line":5}},"branchMap":{"0":{"loc":{"start":{"line":7,"column":2},"end":{"line":7,"column":74}},"type":"if","locations":[{"start":{"line":7,"column":2},"end":{"line":7,"column":74}},{"start":{},"end":{}}],"line":7}},"s":{"0":1,"1":2,"2":2,"3":1,"4":1},"f":{"0":2},"b":{"0":[1,1]},"_coverageSchema":"1a1c01bbd47fc00a2c39e90264f33305004495a9","hash":"3229d07dd40d0e23a7986743e44cf53660010268"}
,"C:\\Users\\Acer Nitro\\Documents\\Repositorios\\Proyecto_Arsw\\SportStreamLive-Front\\src\\services\\streamService.js": {"path":"C:\\Users\\Acer Nitro\\Documents\\Repositorios\\Proyecto_Arsw\\SportStreamLive-Front\\src\\services\\streamService.js","statementMap":{"0":{"start":{"line":5,"column":27},"end":{"line":15,"column":1}},"1":{"start":{"line":6,"column":14},"end":{"line":8,"column":3}},"2":{"start":{"line":9,"column":2},"end":{"line":13,"column":3}},"3":{"start":{"line":10,"column":17},"end":{"line":10,"column":51}},"4":{"start":{"line":10,"column":47},"end":{"line":10,"column":49}},"5":{"start":{"line":11,"column":4},"end":{"line":11,"column":54}},"6":{"start":{"line":11,"column":42},"end":{"line":11,"column":54}},"7":{"start":{"line":12,"column":4},"end":{"line":12,"column":63}},"8":{"start":{"line":14,"column":2},"end":{"line":14,"column":20}},"9":{"start":{"line":17,"column":26},"end":{"line":26,"column":1}},"10":{"start":{"line":18,"column":14},"end":{"line":20,"column":3}},"11":{"start":{"line":21,"column":2},"end":{"line":24,"column":3}},"12":{"start":{"line":22,"column":17},"end":{"line":22,"column":51}},"13":{"start":{"line":22,"column":47},"end":{"line":22,"column":49}},"14":{"start":{"line":23,"column":4},"end":{"line":23,"column":63}},"15":{"start":{"line":25,"column":2},"end":{"line":25,"column":20}},"16":{"start":{"line":28,"column":30},"end":{"line":32,"column":1}},"17":{"start":{"line":29,"column":14},"end":{"line":29,"column":53}},"18":{"start":{"line":30,"column":2},"end":{"line":30,"column":40}},"19":{"start":{"line":30,"column":15},"end":{"line":30,"column":40}},"20":{"start":{"line":31,"column":2},"end":{"line":31,"column":20}},"21":{"start":{"line":34,"column":32},"end":{"line":38,"column":1}},"22":{"start":{"line":35,"column":14},"end":{"line":35,"column":46}},"23":{"start":{"line":36,"column":2},"end":{"line":36,"column":48}},"24":{"start":{"line":36,"column":15},"end":{"line":36,"column":48}},"25":{"start":{"line":37,"column":2},"end":{"line":37,"column":20}}},"fnMap":{"0":{"name":"(anonymous_0)","decl":{"start":{"line":5,"column":27},"end":{"line":5,"column":28}},"loc":{"start":{"line":5,"column":47},"end":{"line":15,"column":1}},"line":5},"1":{"name":"(anonymous_1)","decl":{"start":{"line":10,"column":40},"end":{"line":10,"column":41}},"loc":{"start":{"line":10,"column":47},"end":{"line":10,"column":49}},"line":10},"2":{"name":"(anonymous_2)","decl":{"start":{"line":17,"column":26},"end":{"line":17,"column":27}},"loc":{"start":{"line":17,"column":46},"end":{"line":26,"column":1}},"line":17},"3":{"name":"(anonymous_3)","decl":{"start":{"line":22,"column":40},"end":{"line":22,"column":41}},"loc":{"start":{"line":22,"column":47},"end":{"line":22,"column":49}},"line":22},"4":{"name":"(anonymous_4)","decl":{"start":{"line":28,"column":30},"end":{"line":28,"column":31}},"loc":{"start":{"line":28,"column":45},"end":{"line":32,"column":1}},"line":28},"5":{"name":"(anonymous_5)","decl":{"start":{"line":34,"column":32},"end":{"line":34,"column":33}},"loc":{"start":{"line":34,"column":44},"end":{"line":38,"column":1}},"line":34}},"branchMap":{"0":{"loc":{"start":{"line":9,"column":2},"end":{"line":13,"column":3}},"type":"if","locations":[{"start":{"line":9,"column":2},"end":{"line":13,"column":3}},{"start":{},"end":{}}],"line":9},"1":{"loc":{"start":{"line":11,"column":4},"end":{"line":11,"column":54}},"type":"if","locations":[{"start":{"line":11,"column":4},"end":{"line":11,"column":54}},{"start":{},"end":{}}],"line":11},"2":{"loc":{"start":{"line":12,"column":20},"end":{"line":12,"column":61}},"type":"binary-expr","locations":[{"start":{"line":12,"column":20},"end":{"line":12,"column":32}},{"start":{"line":12,"column":36},"end":{"line":12,"column":61}}],"line":12},"3":{"loc":{"start":{"line":21,"column":2},"end":{"line":24,"column":3}},"type":"if","locations":[{"start":{"line":21,"column":2},"end":{"line":24,"column":3}},{"start":{},"end":{}}],"line":21},"4":{"loc":{"start":{"line":23,"column":20},"end":{"line":23,"column":61}},"type":"binary-expr","locations":[{"start":{"line":23,"column":20},"end":{"line":23,"column":32}},{"start":{"line":23,"column":36},"end":{"line":23,"column":61}}],"line":23},"5":{"loc":{"start":{"line":30,"column":2},"end":{"line":30,"column":40}},"type":"if","locations":[{"start":{"line":30,"column":2},"end":{"line":30,"column":40}},{"start":{},"end":{}}],"line":30},"6":{"loc":{"start":{"line":36,"column":2},"end":{"line":36,"column":48}},"type":"if","locations":[{"start":{"line":36,"column":2},"end":{"line":36,"column":48}},{"start":{},"end":{}}],"line":36}},"s":{"0":1,"1":4,"2":4,"3":3,"4":0,"5":3,"6":1,"7":2,"8":1,"9":1,"10":3,"11":3,"12":2,"13":0,"14":2,"15":1,"16":1,"17":2,"18":2,"19":1,"20":1,"21":1,"22":2,"23":2,"24":1,"25":1},"f":{"0":4,"1":0,"2":3,"3":0,"4":2,"5":2},"b":{"0":[3,1],"1":[1,2],"2":[2,1],"3":[2,1],"4":[2,1],"5":[1,1],"6":[1,1]},"_coverageSchema":"1a1c01bbd47fc00a2c39e90264f33305004495a9","hash":"e169b03a6567385f853526ac87293bbc1b093641"}
,"C:\\Users\\Acer Nitro\\Documents\\Repositorios\\Proyecto_Arsw\\SportStreamLive-Front\\src\\services\\userService.js": {"path":"C:\\Users\\Acer Nitro\\Documents\\Repositorios\\Proyecto_Arsw\\SportStreamLive-Front\\src\\services\\userService.js","statementMap":{"0":{"start":{"line":5,"column":2},"end":{"line":8,"column":4}},"1":{"start":{"line":12,"column":14},"end":{"line":14,"column":4}},"2":{"start":{"line":15,"column":2},"end":{"line":15,"column":64}},"3":{"start":{"line":15,"column":15},"end":{"line":15,"column":64}},"4":{"start":{"line":16,"column":2},"end":{"line":16,"column":20}},"5":{"start":{"line":20,"column":14},"end":{"line":24,"column":4}},"6":{"start":{"line":25,"column":15},"end":{"line":25,"column":31}},"7":{"start":{"line":26,"column":2},"end":{"line":26,"column":72}},"8":{"start":{"line":26,"column":15},"end":{"line":26,"column":72}},"9":{"start":{"line":29,"column":2},"end":{"line":34,"column":3}},"10":{"start":{"line":30,"column":4},"end":{"line":30,"column":48}},"11":{"start":{"line":31,"column":19},"end":{"line":31,"column":69}},"12":{"start":{"line":32,"column":4},"end":{"line":32,"column":36}},"13":{"start":{"line":33,"column":4},"end":{"line":33,"column":59}},"14":{"start":{"line":35,"column":2},"end":{"line":35,"column":14}}},"fnMap":{"0":{"name":"authHeaders","decl":{"start":{"line":4,"column":9},"end":{"line":4,"column":20}},"loc":{"start":{"line":4,"column":23},"end":{"line":9,"column":1}},"line":4},"1":{"name":"getEligibility","decl":{"start":{"line":11,"column":22},"end":{"line":11,"column":36}},"loc":{"start":{"line":11,"column":39},"end":{"line":17,"column":1}},"line":11},"2":{"name":"changeRole","decl":{"start":{"line":19,"column":22},"end":{"line":19,"column":32}},"loc":{"start":{"line":19,"column":39},"end":{"line":36,"column":1}},"line":19}},"branchMap":{"0":{"loc":{"start":{"line":15,"column":2},"end":{"line":15,"column":64}},"type":"if","locations":[{"start":{"line":15,"column":2},"end":{"line":15,"column":64}},{"start":{},"end":{}}],"line":15},"1":{"loc":{"start":{"line":26,"column":2},"end":{"line":26,"column":72}},"type":"if","locations":[{"start":{"line":26,"column":2},"end":{"line":26,"column":72}},{"start":{},"end":{}}],"line":26},"2":{"loc":{"start":{"line":26,"column":31},"end":{"line":26,"column":70}},"type":"binary-expr","locations":[{"start":{"line":26,"column":31},"end":{"line":26,"column":41}},{"start":{"line":26,"column":45},"end":{"line":26,"column":70}}],"line":26},"3":{"loc":{"start":{"line":29,"column":2},"end":{"line":34,"column":3}},"type":"if","locations":[{"start":{"line":29,"column":2},"end":{"line":34,"column":3}},{"start":{},"end":{}}],"line":29},"4":{"loc":{"start":{"line":31,"column":30},"end":{"line":31,"column":68}},"type":"binary-expr","locations":[{"start":{"line":31,"column":30},"end":{"line":31,"column":60}},{"start":{"line":31,"column":64},"end":{"line":31,"column":68}}],"line":31},"5":{"loc":{"start":{"line":32,"column":19},"end":{"line":32,"column":35}},"type":"binary-expr","locations":[{"start":{"line":32,"column":19},"end":{"line":32,"column":29}},{"start":{"line":32,"column":33},"end":{"line":32,"column":35}}],"line":32}},"s":{"0":6,"1":2,"2":2,"3":1,"4":1,"5":4,"6":4,"7":4,"8":2,"9":2,"10":1,"11":1,"12":1,"13":1,"14":2},"f":{"0":6,"1":2,"2":4},"b":{"0":[1,1],"1":[2,2],"2":[2,1],"3":[1,1],"4":[1,0],"5":[1,0]},"_coverageSchema":"1a1c01bbd47fc00a2c39e90264f33305004495a9","hash":"a8052547bf1347c537385bd3836ca61dc817b300"}
,"C:\\Users\\Acer Nitro\\Documents\\Repositorios\\Proyecto_Arsw\\SportStreamLive-Front\\src\\services\\wsClient.js": {"path":"C:\\Users\\Acer Nitro\\Documents\\Repositorios\\Proyecto_Arsw\\SportStreamLive-Front\\src\\services\\wsClient.js","statementMap":{"0":{"start":{"line":7,"column":13},"end":{"line":7,"column":17}},"1":{"start":{"line":9,"column":17},"end":{"line":9,"column":19}},"2":{"start":{"line":10,"column":17},"end":{"line":10,"column":19}},"3":{"start":{"line":11,"column":17},"end":{"line":11,"column":22}},"4":{"start":{"line":14,"column":2},"end":{"line":14,"column":28}},"5":{"start":{"line":14,"column":14},"end":{"line":14,"column":28}},"6":{"start":{"line":16,"column":14},"end":{"line":16,"column":24}},"7":{"start":{"line":18,"column":2},"end":{"line":55,"column":5}},"8":{"start":{"line":19,"column":28},"end":{"line":19,"column":46}},"9":{"start":{"line":24,"column":6},"end":{"line":24,"column":19}},"10":{"start":{"line":25,"column":6},"end":{"line":25,"column":36}},"11":{"start":{"line":28,"column":6},"end":{"line":37,"column":9}},"12":{"start":{"line":29,"column":8},"end":{"line":29,"column":47}},"13":{"start":{"line":29,"column":40},"end":{"line":29,"column":47}},"14":{"start":{"line":31,"column":8},"end":{"line":31,"column":35}},"15":{"start":{"line":31,"column":28},"end":{"line":31,"column":35}},"16":{"start":{"line":32,"column":8},"end":{"line":36,"column":11}},"17":{"start":{"line":34,"column":10},"end":{"line":34,"column":77}},"18":{"start":{"line":34,"column":16},"end":{"line":34,"column":46}},"19":{"start":{"line":34,"column":57},"end":{"line":34,"column":75}},"20":{"start":{"line":35,"column":10},"end":{"line":35,"column":63}},"21":{"start":{"line":35,"column":51},"end":{"line":35,"column":61}},"22":{"start":{"line":40,"column":6},"end":{"line":42,"column":9}},"23":{"start":{"line":41,"column":8},"end":{"line":41,"column":68}},"24":{"start":{"line":46,"column":6},"end":{"line":46,"column":20}},"25":{"start":{"line":48,"column":6},"end":{"line":48,"column":67}},"26":{"start":{"line":48,"column":45},"end":{"line":48,"column":63}},"27":{"start":{"line":49,"column":6},"end":{"line":49,"column":39}},"28":{"start":{"line":53,"column":6},"end":{"line":53,"column":65}},"29":{"start":{"line":57,"column":2},"end":{"line":57,"column":20}},"30":{"start":{"line":58,"column":2},"end":{"line":58,"column":16}},"31":{"start":{"line":62,"column":2},"end":{"line":62,"column":83}},"32":{"start":{"line":62,"column":24},"end":{"line":62,"column":83}},"33":{"start":{"line":63,"column":16},"end":{"line":63,"column":31}},"34":{"start":{"line":65,"column":2},"end":{"line":65,"column":53}},"35":{"start":{"line":65,"column":37},"end":{"line":65,"column":53}},"36":{"start":{"line":66,"column":2},"end":{"line":66,"column":32}},"37":{"start":{"line":68,"column":12},"end":{"line":68,"column":25}},"38":{"start":{"line":71,"column":2},"end":{"line":77,"column":3}},"39":{"start":{"line":72,"column":4},"end":{"line":76,"column":7}},"40":{"start":{"line":74,"column":6},"end":{"line":74,"column":73}},"41":{"start":{"line":74,"column":12},"end":{"line":74,"column":42}},"42":{"start":{"line":74,"column":53},"end":{"line":74,"column":71}},"43":{"start":{"line":75,"column":6},"end":{"line":75,"column":59}},"44":{"start":{"line":75,"column":47},"end":{"line":75,"column":57}},"45":{"start":{"line":79,"column":2},"end":{"line":86,"column":4}},"46":{"start":{"line":80,"column":4},"end":{"line":80,"column":37}},"47":{"start":{"line":81,"column":4},"end":{"line":85,"column":5}},"48":{"start":{"line":82,"column":6},"end":{"line":82,"column":52}},"49":{"start":{"line":82,"column":12},"end":{"line":82,"column":41}},"50":{"start":{"line":83,"column":6},"end":{"line":83,"column":28}},"51":{"start":{"line":84,"column":6},"end":{"line":84,"column":29}},"52":{"start":{"line":90,"column":12},"end":{"line":90,"column":25}},"53":{"start":{"line":91,"column":2},"end":{"line":96,"column":3}},"54":{"start":{"line":92,"column":4},"end":{"line":92,"column":59}},"55":{"start":{"line":94,"column":4},"end":{"line":94,"column":48}},"56":{"start":{"line":95,"column":4},"end":{"line":95,"column":39}},"57":{"start":{"line":99,"column":27},"end":{"line":99,"column":41}},"58":{"start":{"line":102,"column":2},"end":{"line":108,"column":3}},"59":{"start":{"line":103,"column":4},"end":{"line":103,"column":41}},"60":{"start":{"line":103,"column":10},"end":{"line":103,"column":30}},"61":{"start":{"line":104,"column":4},"end":{"line":104,"column":18}},"62":{"start":{"line":105,"column":4},"end":{"line":105,"column":19}},"63":{"start":{"line":106,"column":4},"end":{"line":106,"column":59}},"64":{"start":{"line":106,"column":39},"end":{"line":106,"column":57}},"65":{"start":{"line":107,"column":4},"end":{"line":107,"column":22}}},"fnMap":{"0":{"name":"buildClient","decl":{"start":{"line":13,"column":9},"end":{"line":13,"column":20}},"loc":{"start":{"line":13,"column":23},"end":{"line":59,"column":1}},"line":13},"1":{"name":"(anonymous_1)","decl":{"start":{"line":19,"column":22},"end":{"line":19,"column":23}},"loc":{"start":{"line":19,"column":28},"end":{"line":19,"column":46}},"line":19},"2":{"name":"(anonymous_2)","decl":{"start":{"line":23,"column":15},"end":{"line":23,"column":16}},"loc":{"start":{"line":23,"column":21},"end":{"line":43,"column":5}},"line":23},"3":{"name":"(anonymous_3)","decl":{"start":{"line":28,"column":39},"end":{"line":28,"column":40}},"loc":{"start":{"line":28,"column":59},"end":{"line":37,"column":7}},"line":28},"4":{"name":"(anonymous_4)","decl":{"start":{"line":32,"column":49},"end":{"line":32,"column":50}},"loc":{"start":{"line":32,"column":58},"end":{"line":36,"column":9}},"line":32},"5":{"name":"(anonymous_5)","decl":{"start":{"line":35,"column":45},"end":{"line":35,"column":46}},"loc":{"start":{"line":35,"column":51},"end":{"line":35,"column":61}},"line":35},"6":{"name":"(anonymous_6)","decl":{"start":{"line":40,"column":31},"end":{"line":40,"column":32}},"loc":{"start":{"line":40,"column":58},"end":{"line":42,"column":7}},"line":40},"7":{"name":"(anonymous_7)","decl":{"start":{"line":45,"column":18},"end":{"line":45,"column":19}},"loc":{"start":{"line":45,"column":24},"end":{"line":50,"column":5}},"line":45},"8":{"name":"(anonymous_8)","decl":{"start":{"line":48,"column":38},"end":{"line":48,"column":39}},"loc":{"start":{"line":48,"column":43},"end":{"line":48,"column":65}},"line":48},"9":{"name":"(anonymous_9)","decl":{"start":{"line":52,"column":18},"end":{"line":52,"column":19}},"loc":{"start":{"line":52,"column":29},"end":{"line":54,"column":5}},"line":52},"10":{"name":"wsSubscribe","decl":{"start":{"line":61,"column":16},"end":{"line":61,"column":27}},"loc":{"start":{"line":61,"column":45},"end":{"line":87,"column":1}},"line":61},"11":{"name":"(anonymous_11)","decl":{"start":{"line":65,"column":44},"end":{"line":65,"column":45}},"loc":{"start":{"line":65,"column":50},"end":{"line":65,"column":52}},"line":65},"12":{"name":"(anonymous_12)","decl":{"start":{"line":72,"column":40},"end":{"line":72,"column":41}},"loc":{"start":{"line":72,"column":49},"end":{"line":76,"column":5}},"line":72},"13":{"name":"(anonymous_13)","decl":{"start":{"line":75,"column":41},"end":{"line":75,"column":42}},"loc":{"start":{"line":75,"column":47},"end":{"line":75,"column":57}},"line":75},"14":{"name":"(anonymous_14)","decl":{"start":{"line":79,"column":9},"end":{"line":79,"column":10}},"loc":{"start":{"line":79,"column":15},"end":{"line":86,"column":3}},"line":79},"15":{"name":"wsSend","decl":{"start":{"line":89,"column":16},"end":{"line":89,"column":22}},"loc":{"start":{"line":89,"column":42},"end":{"line":97,"column":1}},"line":89},"16":{"name":"wsInit","decl":{"start":{"line":99,"column":16},"end":{"line":99,"column":22}},"loc":{"start":{"line":99,"column":25},"end":{"line":99,"column":43}},"line":99},"17":{"name":"wsDisconnect","decl":{"start":{"line":101,"column":16},"end":{"line":101,"column":28}},"loc":{"start":{"line":101,"column":31},"end":{"line":109,"column":1}},"line":101},"18":{"name":"(anonymous_18)","decl":{"start":{"line":106,"column":34},"end":{"line":106,"column":35}},"loc":{"start":{"line":106,"column":39},"end":{"line":106,"column":57}},"line":106}},"branchMap":{"0":{"loc":{"start":{"line":14,"column":2},"end":{"line":14,"column":28}},"type":"if","locations":[{"start":{"line":14,"column":2},"end":{"line":14,"column":28}},{"start":{},"end":{}}],"line":14},"1":{"loc":{"start":{"line":20,"column":20},"end":{"line":20,"column":65}},"type":"cond-expr","locations":[{"start":{"line":20,"column":26},"end":{"line":20,"column":60}},{"start":{"line":20,"column":63},"end":{"line":20,"column":65}}],"line":20},"2":{"loc":{"start":{"line":29,"column":8},"end":{"line":29,"column":47}},"type":"if","locations":[{"start":{"line":29,"column":8},"end":{"line":29,"column":47}},{"start":{},"end":{}}],"line":29},"3":{"loc":{"start":{"line":31,"column":8},"end":{"line":31,"column":35}},"type":"if","locations":[{"start":{"line":31,"column":8},"end":{"line":31,"column":35}},{"start":{},"end":{}}],"line":31},"4":{"loc":{"start":{"line":62,"column":2},"end":{"line":62,"column":83}},"type":"if","locations":[{"start":{"line":62,"column":2},"end":{"line":62,"column":83}},{"start":{},"end":{}}],"line":62},"5":{"loc":{"start":{"line":65,"column":2},"end":{"line":65,"column":53}},"type":"if","locations":[{"start":{"line":65,"column":2},"end":{"line":65,"column":53}},{"start":{},"end":{}}],"line":65},"6":{"loc":{"start":{"line":71,"column":2},"end":{"line":77,"column":3}},"type":"if","locations":[{"start":{"line":71,"column":2},"end":{"line":77,"column":3}},{"start":{},"end":{}}],"line":71},"7":{"loc":{"start":{"line":71,"column":6},"end":{"line":71,"column":45}},"type":"binary-expr","locations":[{"start":{"line":71,"column":6},"end":{"line":71,"column":17}},{"start":{"line":71,"column":21},"end":{"line":71,"column":26}},{"start":{"line":71,"column":30},"end":{"line":71,"column":45}}],"line":71},"8":{"loc":{"start":{"line":81,"column":4},"end":{"line":85,"column":5}},"type":"if","locations":[{"start":{"line":81,"column":4},"end":{"line":85,"column":5}},{"start":{},"end":{}}],"line":81},"9":{"loc":{"start":{"line":81,"column":8},"end":{"line":81,"column":52}},"type":"binary-expr","locations":[{"start":{"line":81,"column":8},"end":{"line":81,"column":34}},{"start":{"line":81,"column":38},"end":{"line":81,"column":52}}],"line":81},"10":{"loc":{"start":{"line":91,"column":2},"end":{"line":96,"column":3}},"type":"if","locations":[{"start":{"line":91,"column":2},"end":{"line":96,"column":3}},{"start":{"line":93,"column":9},"end":{"line":96,"column":3}}],"line":91},"11":{"loc":{"start":{"line":91,"column":6},"end":{"line":91,"column":26}},"type":"binary-expr","locations":[{"start":{"line":91,"column":6},"end":{"line":91,"column":17}},{"start":{"line":91,"column":21},"end":{"line":91,"column":26}}],"line":91},"12":{"loc":{"start":{"line":102,"column":2},"end":{"line":108,"column":3}},"type":"if","locations":[{"start":{"line":102,"column":2},"end":{"line":108,"column":3}},{"start":{},"end":{}}],"line":102}},"s":{"0":0,"1":0,"2":0,"3":0,"4":0,"5":0,"6":0,"7":0,"8":0,"9":0,"10":0,"11":0,"12":0,"13":0,"14":0,"15":0,"16":0,"17":0,"18":0,"19":0,"20":0,"21":0,"22":0,"23":0,"24":0,"25":0,"26":0,"27":0,"28":0,"29":0,"30":0,"31":0,"32":0,"33":0,"34":0,"35":0,"36":0,"37":0,"38":0,"39":0,"40":0,"41":0,"42":0,"43":0,"44":0,"45":0,"46":0,"47":0,"48":0,"49":0,"50":0,"51":0,"52":0,"53":0,"54":0,"55":0,"56":0,"57":0,"58":0,"59":0,"60":0,"61":0,"62":0,"63":0,"64":0,"65":0},"f":{"0":0,"1":0,"2":0,"3":0,"4":0,"5":0,"6":0,"7":0,"8":0,"9":0,"10":0,"11":0,"12":0,"13":0,"14":0,"15":0,"16":0,"17":0,"18":0},"b":{"0":[0,0],"1":[0,0],"2":[0,0],"3":[0,0],"4":[0,0],"5":[0,0],"6":[0,0],"7":[0,0,0],"8":[0,0],"9":[0,0],"10":[0,0],"11":[0,0],"12":[0,0]}}
,"C:\\Users\\Acer Nitro\\Documents\\Repositorios\\Proyecto_Arsw\\SportStreamLive-Front\\src\\utils\\formatters.js": {"path":"C:\\Users\\Acer Nitro\\Documents\\Repositorios\\Proyecto_Arsw\\SportStreamLive-Front\\src\\utils\\formatters.js","statementMap":{"0":{"start":{"line":2,"column":26},"end":{"line":5,"column":4}},"1":{"start":{"line":3,"column":2},"end":{"line":5,"column":4}},"2":{"start":{"line":7,"column":30},"end":{"line":10,"column":4}},"3":{"start":{"line":8,"column":2},"end":{"line":10,"column":4}},"4":{"start":{"line":12,"column":28},"end":{"line":13,"column":35}},"5":{"start":{"line":13,"column":2},"end":{"line":13,"column":35}}},"fnMap":{"0":{"name":"(anonymous_0)","decl":{"start":{"line":2,"column":26},"end":{"line":2,"column":27}},"loc":{"start":{"line":3,"column":2},"end":{"line":5,"column":4}},"line":3},"1":{"name":"(anonymous_1)","decl":{"start":{"line":7,"column":30},"end":{"line":7,"column":31}},"loc":{"start":{"line":8,"column":2},"end":{"line":10,"column":4}},"line":8},"2":{"name":"(anonymous_2)","decl":{"start":{"line":12,"column":28},"end":{"line":12,"column":29}},"loc":{"start":{"line":13,"column":2},"end":{"line":13,"column":35}},"line":13}},"branchMap":{},"s":{"0":1,"1":2,"2":1,"3":1,"4":1,"5":4},"f":{"0":2,"1":1,"2":4},"b":{},"_coverageSchema":"1a1c01bbd47fc00a2c39e90264f33305004495a9","hash":"4ceb7396a1bca89a466ee87b3902cf24987b5e2d"}
,"C:\\Users\\Acer Nitro\\Documents\\Repositorios\\Proyecto_Arsw\\SportStreamLive-Front\\src\\utils\\validators.js": {"path":"C:\\Users\\Acer Nitro\\Documents\\Repositorios\\Proyecto_Arsw\\SportStreamLive-Front\\src\\utils\\validators.js","statementMap":{"0":{"start":{"line":3,"column":2},"end":{"line":3,"column":50}},"1":{"start":{"line":7,"column":2},"end":{"line":7,"column":63}},"2":{"start":{"line":7,"column":27},"end":{"line":7,"column":63}},"3":{"start":{"line":8,"column":2},"end":{"line":8,"column":66}},"4":{"start":{"line":8,"column":29},"end":{"line":8,"column":66}},"5":{"start":{"line":9,"column":2},"end":{"line":9,"column":12}},"6":{"start":{"line":13,"column":2},"end":{"line":13,"column":77}},"7":{"start":{"line":13,"column":31},"end":{"line":13,"column":77}},"8":{"start":{"line":14,"column":2},"end":{"line":14,"column":66}},"9":{"start":{"line":14,"column":31},"end":{"line":14,"column":66}},"10":{"start":{"line":15,"column":2},"end":{"line":15,"column":71}},"11":{"start":{"line":15,"column":34},"end":{"line":15,"column":71}},"12":{"start":{"line":16,"column":2},"end":{"line":17,"column":61}},"13":{"start":{"line":17,"column":4},"end":{"line":17,"column":61}},"14":{"start":{"line":18,"column":2},"end":{"line":18,"column":77}},"15":{"start":{"line":18,"column":38},"end":{"line":18,"column":77}},"16":{"start":{"line":19,"column":2},"end":{"line":19,"column":12}}},"fnMap":{"0":{"name":"validateEmail","decl":{"start":{"line":2,"column":16},"end":{"line":2,"column":29}},"loc":{"start":{"line":2,"column":37},"end":{"line":4,"column":1}},"line":2},"1":{"name":"validateLogin","decl":{"start":{"line":6,"column":16},"end":{"line":6,"column":29}},"loc":{"start":{"line":6,"column":47},"end":{"line":10,"column":1}},"line":6},"2":{"name":"validateRegister","decl":{"start":{"line":12,"column":16},"end":{"line":12,"column":32}},"loc":{"start":{"line":12,"column":39},"end":{"line":20,"column":1}},"line":12}},"branchMap":{"0":{"loc":{"start":{"line":7,"column":2},"end":{"line":7,"column":63}},"type":"if","locations":[{"start":{"line":7,"column":2},"end":{"line":7,"column":63}},{"start":{},"end":{}}],"line":7},"1":{"loc":{"start":{"line":7,"column":6},"end":{"line":7,"column":25}},"type":"binary-expr","locations":[{"start":{"line":7,"column":6},"end":{"line":7,"column":12}},{"start":{"line":7,"column":16},"end":{"line":7,"column":25}}],"line":7},"2":{"loc":{"start":{"line":8,"column":2},"end":{"line":8,"column":66}},"type":"if","locations":[{"start":{"line":8,"column":2},"end":{"line":8,"column":66}},{"start":{},"end":{}}],"line":8},"3":{"loc":{"start":{"line":13,"column":2},"end":{"line":13,"column":77}},"type":"if","locations":[{"start":{"line":13,"column":2},"end":{"line":13,"column":77}},{"start":{},"end":{}}],"line":13},"4":{"loc":{"start":{"line":14,"column":2},"end":{"line":14,"column":66}},"type":"if","locations":[{"start":{"line":14,"column":2},"end":{"line":14,"column":66}},{"start":{},"end":{}}],"line":14},"5":{"loc":{"start":{"line":15,"column":2},"end":{"line":15,"column":71}},"type":"if","locations":[{"start":{"line":15,"column":2},"end":{"line":15,"column":71}},{"start":{},"end":{}}],"line":15},"6":{"loc":{"start":{"line":16,"column":2},"end":{"line":17,"column":61}},"type":"if","locations":[{"start":{"line":16,"column":2},"end":{"line":17,"column":61}},{"start":{},"end":{}}],"line":16},"7":{"loc":{"start":{"line":16,"column":6},"end":{"line":16,"column":48}},"type":"binary-expr","locations":[{"start":{"line":16,"column":6},"end":{"line":16,"column":20}},{"start":{"line":16,"column":24},"end":{"line":16,"column":48}}],"line":16},"8":{"loc":{"start":{"line":18,"column":2},"end":{"line":18,"column":77}},"type":"if","locations":[{"start":{"line":18,"column":2},"end":{"line":18,"column":77}},{"start":{},"end":{}}],"line":18}},"s":{"0":12,"1":5,"2":3,"3":2,"4":1,"5":1,"6":7,"7":2,"8":5,"9":1,"10":4,"11":1,"12":3,"13":1,"14":2,"15":1,"16":1},"f":{"0":12,"1":5,"2":7},"b":{"0":[3,2],"1":[5,3],"2":[1,1],"3":[2,5],"4":[1,4],"5":[1,3],"6":[1,2],"7":[3,3],"8":[1,1]},"_coverageSchema":"1a1c01bbd47fc00a2c39e90264f33305004495a9","hash":"e6956ff9445cb015e2930b35c8de7f79e7d9e037"}
}
