TN:
SF:src\App.js
FN:10,AppInner
FN:13,(anonymous_1)
FN:26,App
FNF:3
FNH:0
FNDA:0,AppInner
FNDA:0,(anonymous_1)
FNDA:0,App
DA:11,0
DA:13,0
DA:14,0
DA:15,0
DA:17,0
DA:21,0
DA:22,0
DA:23,0
DA:27,0
LF:9
LH:0
BRDA:14,0,0,0
BRDA:14,0,1,0
BRDA:14,1,0,0
BRDA:14,1,1,0
BRDA:21,2,0,0
BRDA:21,2,1,0
BRDA:22,3,0,0
BRDA:22,3,1,0
BRF:8
BRH:0
end_of_record
TN:
SF:src\config.js
FN:14,(anonymous_0)
FN:15,(anonymous_1)
FN:16,(anonymous_2)
FN:17,(anonymous_3)
FN:21,(anonymous_4)
FN:22,(anonymous_5)
FN:23,(anonymous_6)
FN:24,(anonymous_7)
FN:25,(anonymous_8)
FN:32,(anonymous_9)
FN:33,(anonymous_10)
FN:34,(anonymous_11)
FN:35,(anonymous_12)
FN:38,(anonymous_13)
FN:39,(anonymous_14)
FN:42,(anonymous_15)
FN:43,(anonymous_16)
FN:44,(anonymous_17)
FN:46,(anonymous_18)
FN:47,(anonymous_19)
FN:48,(anonymous_20)
FN:50,(anonymous_21)
FN:51,(anonymous_22)
FN:52,(anonymous_23)
FN:55,(anonymous_24)
FNF:25
FNH:23
FNDA:1,(anonymous_0)
FNDA:1,(anonymous_1)
FNDA:1,(anonymous_2)
FNDA:1,(anonymous_3)
FNDA:1,(anonymous_4)
FNDA:1,(anonymous_5)
FNDA:0,(anonymous_6)
FNDA:1,(anonymous_7)
FNDA:0,(anonymous_8)
FNDA:4,(anonymous_9)
FNDA:12,(anonymous_10)
FNDA:2,(anonymous_11)
FNDA:2,(anonymous_12)
FNDA:2,(anonymous_13)
FNDA:2,(anonymous_14)
FNDA:10,(anonymous_15)
FNDA:2,(anonymous_16)
FNDA:2,(anonymous_17)
FNDA:3,(anonymous_18)
FNDA:1,(anonymous_19)
FNDA:3,(anonymous_20)
FNDA:4,(anonymous_21)
FNDA:3,(anonymous_22)
FNDA:2,(anonymous_23)
FNDA:1,(anonymous_24)
DA:10,11
DA:11,11
DA:13,11
DA:14,1
DA:15,1
DA:16,1
DA:17,1
DA:20,11
DA:21,1
DA:22,1
DA:23,0
DA:24,1
DA:25,0
DA:28,11
DA:32,4
DA:33,12
DA:34,2
DA:35,2
DA:38,2
DA:39,2
DA:42,10
DA:43,2
DA:44,2
DA:46,3
DA:47,1
DA:48,3
DA:50,4
DA:51,3
DA:52,2
DA:55,1
DA:58,11
DA:59,11
LF:32
LH:30
BRDA:10,0,0,11
BRDA:10,0,1,0
BRDA:11,1,0,11
BRDA:11,1,1,0
BRF:4
BRH:2
end_of_record
TN:
SF:src\services\apiClient.js
FN:4,apiRequest
FN:31,(anonymous_1)
FN:32,(anonymous_2)
FN:36,(anonymous_3)
FN:40,(anonymous_4)
FNF:5
FNH:5
FNDA:9,apiRequest
FNDA:5,(anonymous_1)
FNDA:2,(anonymous_2)
FNDA:1,(anonymous_3)
FNDA:1,(anonymous_4)
DA:5,9
DA:7,9
DA:14,9
DA:15,9
DA:17,1
DA:23,8
DA:24,1
DA:25,1
DA:28,8
DA:31,5
DA:32,2
DA:36,1
DA:40,1
LF:13
LH:13
BRDA:4,0,0,0
BRDA:8,1,0,3
BRDA:8,1,1,6
BRDA:9,2,0,2
BRDA:9,2,1,7
BRDA:23,3,0,1
BRDA:23,3,1,7
BRDA:34,4,0,2
BRDA:34,4,1,0
BRDA:38,5,0,1
BRDA:38,5,1,0
BRF:11
BRH:8
end_of_record
TN:
SF:src\services\authService.js
FN:4,decodeJwtPayload
FN:13,login
FN:30,register
FN:47,logout
FN:52,getStoredUser
FN:57,getToken
FNF:6
FNH:6
FNDA:2,decodeJwtPayload
FNDA:3,login
FNDA:2,register
FNDA:2,logout
FNDA:3,getStoredUser
FNDA:2,getToken
DA:5,2
DA:6,2
DA:7,2
DA:9,0
DA:14,3
DA:19,3
DA:20,3
DA:21,1
DA:22,1
DA:23,1
DA:27,1
DA:31,2
DA:36,2
DA:37,2
DA:38,1
DA:39,1
DA:40,1
DA:44,1
DA:48,2
DA:49,2
DA:53,3
DA:54,1
DA:58,2
LF:23
LH:22
BRDA:20,0,0,2
BRDA:20,0,1,1
BRDA:20,1,0,2
BRDA:20,1,1,1
BRDA:24,2,0,1
BRDA:24,2,1,0
BRDA:25,3,0,1
BRDA:25,3,1,0
BRDA:37,4,0,1
BRDA:37,4,1,1
BRDA:37,5,0,1
BRDA:37,5,1,0
BRDA:41,6,0,1
BRDA:41,6,1,0
BRDA:42,7,0,1
BRDA:42,7,1,0
BRF:16
BRH:11
end_of_record
TN:
SF:src\services\badgeService.js
FN:5,(anonymous_0)
FN:11,(anonymous_1)
FN:12,(anonymous_2)
FN:14,(anonymous_3)
FNF:4
FNH:4
FNDA:2,(anonymous_0)
FNDA:1,(anonymous_1)
FNDA:1,(anonymous_2)
FNDA:3,(anonymous_3)
DA:5,1
DA:6,2
DA:7,2
DA:8,1
DA:11,1
DA:12,1
DA:14,1
DA:15,3
DA:16,3
DA:17,2
DA:18,2
DA:19,2
DA:21,1
LF:13
LH:13
BRDA:7,0,0,1
BRDA:7,0,1,1
BRDA:16,1,0,2
BRDA:16,1,1,1
BRDA:18,2,0,2
BRDA:18,2,1,1
BRDA:18,2,2,1
BRF:7
BRH:7
end_of_record
TN:
SF:src\services\challengeService.js
FN:5,(anonymous_0)
FN:11,(anonymous_1)
FN:17,(anonymous_2)
FN:20,(anonymous_3)
FN:26,(anonymous_4)
FN:31,(anonymous_5)
FN:37,(anonymous_6)
FN:43,(anonymous_7)
FN:49,(anonymous_8)
FN:55,(anonymous_9)
FN:61,(anonymous_10)
FN:69,(anonymous_11)
FN:75,(anonymous_12)
FN:81,(anonymous_13)
FNF:14
FNH:9
FNDA:2,(anonymous_0)
FNDA:2,(anonymous_1)
FNDA:3,(anonymous_2)
FNDA:0,(anonymous_3)
FNDA:2,(anonymous_4)
FNDA:0,(anonymous_5)
FNDA:2,(anonymous_6)
FNDA:0,(anonymous_7)
FNDA:2,(anonymous_8)
FNDA:0,(anonymous_9)
FNDA:2,(anonymous_10)
FNDA:2,(anonymous_11)
FNDA:0,(anonymous_12)
FNDA:2,(anonymous_13)
DA:5,1
DA:6,2
DA:7,2
DA:8,1
DA:11,1
DA:12,2
DA:13,2
DA:14,1
DA:17,1
DA:18,3
DA:19,3
DA:20,2
DA:21,2
DA:23,1
DA:26,1
DA:27,2
DA:30,2
DA:31,1
DA:32,1
DA:34,1
DA:37,1
DA:38,2
DA:42,2
DA:43,1
DA:44,1
DA:46,1
DA:49,1
DA:50,2
DA:54,2
DA:55,1
DA:56,1
DA:58,1
DA:61,1
DA:62,2
DA:65,2
DA:66,1
DA:69,1
DA:70,2
DA:74,2
DA:75,1
DA:76,1
DA:78,1
DA:81,1
DA:82,2
DA:85,2
DA:86,1
LF:46
LH:46
BRDA:7,0,0,1
BRDA:7,0,1,1
BRDA:13,1,0,1
BRDA:13,1,1,1
BRDA:19,2,0,2
BRDA:19,2,1,1
BRDA:21,3,0,2
BRDA:21,3,1,1
BRDA:30,4,0,1
BRDA:30,4,1,1
BRDA:32,5,0,1
BRDA:32,5,1,0
BRDA:42,6,0,1
BRDA:42,6,1,1
BRDA:44,7,0,1
BRDA:44,7,1,0
BRDA:54,8,0,1
BRDA:54,8,1,1
BRDA:56,9,0,1
BRDA:56,9,1,1
BRDA:65,10,0,1
BRDA:65,10,1,1
BRDA:74,11,0,1
BRDA:74,11,1,1
BRDA:76,12,0,1
BRDA:76,12,1,0
BRDA:85,13,0,1
BRDA:85,13,1,1
BRF:28
BRH:25
end_of_record
TN:
SF:src\services\chatService.js
FN:5,(anonymous_0)
FN:6,(anonymous_1)
FNF:2
FNH:2
FNDA:1,(anonymous_0)
FNDA:1,(anonymous_1)
DA:5,1
DA:6,1
LF:2
LH:2
BRF:0
BRH:0
end_of_record
TN:
SF:src\services\dashboardService.js
FN:6,(anonymous_0)
FN:13,(anonymous_1)
FN:20,(anonymous_2)
FN:29,(anonymous_3)
FN:44,(anonymous_4)
FN:47,(anonymous_5)
FN:63,(anonymous_6)
FN:76,(anonymous_7)
FNF:8
FNH:7
FNDA:2,(anonymous_0)
FNDA:2,(anonymous_1)
FNDA:2,(anonymous_2)
FNDA:3,(anonymous_3)
FNDA:4,(anonymous_4)
FNDA:0,(anonymous_5)
FNDA:3,(anonymous_6)
FNDA:2,(anonymous_7)
DA:6,1
DA:7,2
DA:8,2
DA:9,1
DA:13,1
DA:14,2
DA:15,2
DA:16,1
DA:20,1
DA:21,2
DA:22,2
DA:23,1
DA:29,1
DA:30,3
DA:31,3
DA:32,1
DA:33,1
DA:35,2
DA:37,2
DA:44,1
DA:45,4
DA:46,4
DA:47,2
DA:48,2
DA:50,2
DA:53,2
DA:54,1
DA:56,0
DA:63,1
DA:64,3
DA:65,3
DA:66,2
DA:67,2
DA:68,1
DA:69,0
DA:76,1
DA:77,2
DA:81,2
DA:82,1
DA:83,1
DA:84,0
DA:85,0
LF:42
LH:38
BRDA:8,0,0,1
BRDA:8,0,1,1
BRDA:15,1,0,1
BRDA:15,1,1,1
BRDA:22,2,0,1
BRDA:22,2,1,1
BRDA:31,3,0,1
BRDA:31,3,1,2
BRDA:37,4,0,1
BRDA:37,4,1,1
BRDA:37,5,0,1
BRDA:37,5,1,0
BRDA:46,6,0,2
BRDA:46,6,1,2
BRDA:48,7,0,2
BRDA:48,7,1,1
BRDA:53,8,0,1
BRDA:53,8,1,1
BRDA:54,9,0,1
BRDA:54,9,1,0
BRDA:65,10,0,1
BRDA:65,10,1,2
BRDA:67,11,0,1
BRDA:67,11,1,1
BRDA:68,12,0,1
BRDA:68,12,1,0
BRDA:81,13,0,1
BRDA:81,13,1,1
BRDA:83,14,0,1
BRDA:83,14,1,0
BRDA:84,15,0,0
BRDA:84,15,1,0
BRF:32
BRH:26
end_of_record
TN:
SF:src\services\eventService.js
FN:5,(anonymous_0)
FN:11,(anonymous_1)
FN:17,(anonymous_2)
FN:20,(anonymous_3)
FN:26,(anonymous_4)
FN:30,(anonymous_5)
FNF:6
FNH:4
FNDA:2,(anonymous_0)
FNDA:2,(anonymous_1)
FNDA:3,(anonymous_2)
FNDA:0,(anonymous_3)
FNDA:2,(anonymous_4)
FNDA:0,(anonymous_5)
DA:5,1
DA:6,2
DA:7,2
DA:8,1
DA:11,1
DA:12,2
DA:13,2
DA:14,1
DA:17,1
DA:18,3
DA:19,3
DA:20,2
DA:21,2
DA:23,1
DA:26,1
DA:27,2
DA:28,2
DA:29,2
DA:30,1
DA:31,1
DA:33,1
LF:21
LH:21
BRDA:7,0,0,1
BRDA:7,0,1,1
BRDA:13,1,0,1
BRDA:13,1,1,1
BRDA:19,2,0,2
BRDA:19,2,1,1
BRDA:21,3,0,2
BRDA:21,3,1,1
BRDA:29,4,0,1
BRDA:29,4,1,1
BRDA:31,5,0,1
BRDA:31,5,1,0
BRF:12
BRH:11
end_of_record
TN:
SF:src\services\metricsService.js
FN:5,(anonymous_0)
FNF:1
FNH:1
FNDA:2,(anonymous_0)
DA:5,1
DA:6,2
DA:7,2
DA:8,1
LF:4
LH:4
BRDA:7,0,0,1
BRDA:7,0,1,1
BRF:2
BRH:2
end_of_record
TN:
SF:src\services\streamService.js
FN:5,(anonymous_0)
FN:10,(anonymous_1)
FN:17,(anonymous_2)
FN:22,(anonymous_3)
FN:28,(anonymous_4)
FN:34,(anonymous_5)
FNF:6
FNH:4
FNDA:4,(anonymous_0)
FNDA:0,(anonymous_1)
FNDA:3,(anonymous_2)
FNDA:0,(anonymous_3)
FNDA:2,(anonymous_4)
FNDA:2,(anonymous_5)
DA:5,1
DA:6,4
DA:9,4
DA:10,3
DA:11,3
DA:12,2
DA:14,1
DA:17,1
DA:18,3
DA:21,3
DA:22,2
DA:23,2
DA:25,1
DA:28,1
DA:29,2
DA:30,2
DA:31,1
DA:34,1
DA:35,2
DA:36,2
DA:37,1
LF:21
LH:21
BRDA:9,0,0,3
BRDA:9,0,1,1
BRDA:11,1,0,1
BRDA:11,1,1,2
BRDA:12,2,0,2
BRDA:12,2,1,1
BRDA:21,3,0,2
BRDA:21,3,1,1
BRDA:23,4,0,2
BRDA:23,4,1,1
BRDA:30,5,0,1
BRDA:30,5,1,1
BRDA:36,6,0,1
BRDA:36,6,1,1
BRF:14
BRH:14
end_of_record
TN:
SF:src\services\userService.js
FN:4,authHeaders
FN:11,getEligibility
FN:19,changeRole
FNF:3
FNH:3
FNDA:6,authHeaders
FNDA:2,getEligibility
FNDA:4,changeRole
DA:5,6
DA:12,2
DA:15,2
DA:16,1
DA:20,4
DA:25,4
DA:26,4
DA:29,2
DA:30,1
DA:31,1
DA:32,1
DA:33,1
DA:35,2
LF:13
LH:13
BRDA:15,0,0,1
BRDA:15,0,1,1
BRDA:26,1,0,2
BRDA:26,1,1,2
BRDA:26,2,0,2
BRDA:26,2,1,1
BRDA:29,3,0,1
BRDA:29,3,1,1
BRDA:31,4,0,1
BRDA:31,4,1,0
BRDA:32,5,0,1
BRDA:32,5,1,0
BRF:12
BRH:10
end_of_record
TN:
SF:src\services\wsClient.js
FN:13,buildClient
FN:19,(anonymous_1)
FN:23,(anonymous_2)
FN:28,(anonymous_3)
FN:32,(anonymous_4)
FN:35,(anonymous_5)
FN:40,(anonymous_6)
FN:45,(anonymous_7)
FN:48,(anonymous_8)
FN:52,(anonymous_9)
FN:61,wsSubscribe
FN:65,(anonymous_11)
FN:72,(anonymous_12)
FN:75,(anonymous_13)
FN:79,(anonymous_14)
FN:89,wsSend
FN:99,wsInit
FN:101,wsDisconnect
FN:106,(anonymous_18)
FNF:19
FNH:0
FNDA:0,buildClient
FNDA:0,(anonymous_1)
FNDA:0,(anonymous_2)
FNDA:0,(anonymous_3)
FNDA:0,(anonymous_4)
FNDA:0,(anonymous_5)
FNDA:0,(anonymous_6)
FNDA:0,(anonymous_7)
FNDA:0,(anonymous_8)
FNDA:0,(anonymous_9)
FNDA:0,wsSubscribe
FNDA:0,(anonymous_11)
FNDA:0,(anonymous_12)
FNDA:0,(anonymous_13)
FNDA:0,(anonymous_14)
FNDA:0,wsSend
FNDA:0,wsInit
FNDA:0,wsDisconnect
FNDA:0,(anonymous_18)
DA:7,0
DA:9,0
DA:10,0
DA:11,0
DA:14,0
DA:16,0
DA:18,0
DA:19,0
DA:24,0
DA:25,0
DA:28,0
DA:29,0
DA:31,0
DA:32,0
DA:34,0
DA:35,0
DA:40,0
DA:41,0
DA:46,0
DA:48,0
DA:49,0
DA:53,0
DA:57,0
DA:58,0
DA:62,0
DA:63,0
DA:65,0
DA:66,0
DA:68,0
DA:71,0
DA:72,0
DA:74,0
DA:75,0
DA:79,0
DA:80,0
DA:81,0
DA:82,0
DA:83,0
DA:84,0
DA:90,0
DA:91,0
DA:92,0
DA:94,0
DA:95,0
DA:99,0
DA:102,0
DA:103,0
DA:104,0
DA:105,0
DA:106,0
DA:107,0
LF:51
LH:0
BRDA:14,0,0,0
BRDA:14,0,1,0
BRDA:20,1,0,0
BRDA:20,1,1,0
BRDA:29,2,0,0
BRDA:29,2,1,0
BRDA:31,3,0,0
BRDA:31,3,1,0
BRDA:62,4,0,0
BRDA:62,4,1,0
BRDA:65,5,0,0
BRDA:65,5,1,0
BRDA:71,6,0,0
BRDA:71,6,1,0
BRDA:71,7,0,0
BRDA:71,7,1,0
BRDA:71,7,2,0
BRDA:81,8,0,0
BRDA:81,8,1,0
BRDA:81,9,0,0
BRDA:81,9,1,0
BRDA:91,10,0,0
BRDA:91,10,1,0
BRDA:91,11,0,0
BRDA:91,11,1,0
BRDA:102,12,0,0
BRDA:102,12,1,0
BRF:27
BRH:0
end_of_record
TN:
SF:src\utils\formatters.js
FN:2,(anonymous_0)
FN:7,(anonymous_1)
FN:12,(anonymous_2)
FNF:3
FNH:3
FNDA:2,(anonymous_0)
FNDA:1,(anonymous_1)
FNDA:4,(anonymous_2)
DA:2,1
DA:3,2
DA:7,1
DA:8,1
DA:12,1
DA:13,4
LF:6
LH:6
BRF:0
BRH:0
end_of_record
TN:
SF:src\utils\validators.js
FN:2,validateEmail
FN:6,validateLogin
FN:12,validateRegister
FNF:3
FNH:3
FNDA:12,validateEmail
FNDA:5,validateLogin
FNDA:7,validateRegister
DA:3,12
DA:7,5
DA:8,2
DA:9,1
DA:13,7
DA:14,5
DA:15,4
DA:16,3
DA:17,1
DA:18,2
DA:19,1
LF:11
LH:11
BRDA:7,0,0,3
BRDA:7,0,1,2
BRDA:7,1,0,5
BRDA:7,1,1,3
BRDA:8,2,0,1
BRDA:8,2,1,1
BRDA:13,3,0,2
BRDA:13,3,1,5
BRDA:14,4,0,1
BRDA:14,4,1,4
BRDA:15,5,0,1
BRDA:15,5,1,3
BRDA:16,6,0,1
BRDA:16,6,1,2
BRDA:16,7,0,3
BRDA:16,7,1,3
BRDA:18,8,0,1
BRDA:18,8,1,1
BRF:18
BRH:18
end_of_record
